2025-10-11 19:57:09,438 [Worker-4: Loading available Gradle versions] INFO  o.e.b.c.i.u.g.PublishedGradleVersions - Gradle version information cache is not available. Remote download required.
2025-10-11 20:02:05,426 [Worker-22: Update Maven projects configuration] INFO  o.e.m.c.i.p.ProjectConfigurationManager - Update started
2025-10-11 20:02:08,484 [Worker-22: Update Maven projects configuration] INFO  o.e.m.c.i.l.LifecycleMappingFactory - Using org.eclipse.m2e.jdt.JarLifecycleMapping lifecycle mapping for MavenProject: com.example:Ai-application:0.0.1-SNAPSHOT @ C:\Users\taher\Downloads\ELECTRONICA-AI-PROJECT1\Ai-Application\Ai-application\pom.xml.
2025-10-11 20:02:09,985 [Worker-22: Update Maven projects configuration] INFO  o.e.m.j.i.AbstractJavaProjectConfigurator - Adding source folder /Ai-application/src/main/java
2025-10-11 20:02:09,988 [Worker-22: Update Maven projects configuration] INFO  o.e.m.j.i.AbstractJavaProjectConfigurator - Adding resource folder /Ai-application/src/main/resources
2025-10-11 20:02:09,993 [Worker-22: Update Maven projects configuration] INFO  o.e.m.j.i.AbstractJavaProjectConfigurator - Adding resource folder /Ai-application/src/main/resources
2025-10-11 20:02:09,997 [Worker-22: Update Maven projects configuration] INFO  o.e.m.j.i.AbstractJavaProjectConfigurator - Adding source folder /Ai-application/src/test/java
2025-10-11 20:02:09,998 [Worker-22: Update Maven projects configuration] INFO  o.e.m.j.i.AbstractJavaProjectConfigurator - Adding resource folder /Ai-application/src/test/resources
2025-10-11 20:02:11,499 [Worker-22: Update Maven projects configuration] INFO  o.e.m.c.i.p.ProjectConfigurationManager - Update completed for 1 poms: local refresh takes 0.00 sec, refresh facades takes 4.00 sec, update config takes 1.00 sec 
2025-10-11 20:02:11,703 [Worker-34: Download sources and javadoc] INFO  o.e.m.c.i.e.AbstractTransferListenerAdapter - Downloaded https://repo.spring.io/milestone/org/springframework/boot/spring-boot-starter-data-mongodb/3.5.6/spring-boot-starter-data-mongodb-3.5.6-sources.jar
2025-10-11 20:02:11,803 [Worker-36: Building] INFO  o.a.m.s.f.DefaultMavenResourcesFiltering - Copying 1 resource from src\main\resources to target\classes
2025-10-11 20:02:11,829 [Worker-36: Building] INFO  o.a.m.s.f.DefaultMavenResourcesFiltering - Copying 0 resource from src\main\resources to target\classes
2025-10-11 20:02:11,838 [Worker-36: Building] INFO  o.a.m.s.f.DefaultMavenResourcesFiltering - skip non existing resourceDirectory C:\Users\taher\Downloads\ELECTRONICA-AI-PROJECT1\Ai-Application\Ai-application\src\test\resources
2025-10-11 20:02:12,070 [Worker-34: Download sources and javadoc] INFO  o.e.m.c.i.e.AbstractTransferListenerAdapter - Downloading https://repo.maven.apache.org/maven2/org/springframework/boot/spring-boot-starter-data-mongodb/3.5.6/spring-boot-starter-data-mongodb-3.5.6-sources.jar
2025-10-11 20:02:12,085 [Worker-34: Download sources and javadoc] INFO  o.e.m.c.i.e.AbstractTransferListenerAdapter - Downloaded https://repo.maven.apache.org/maven2/org/springframework/boot/spring-boot-starter-data-mongodb/3.5.6/spring-boot-starter-data-mongodb-3.5.6-sources.jar
2025-10-11 20:02:12,090 [Worker-34: Download sources and javadoc] INFO  o.e.m.j.internal.DownloadSourcesJob - Downloaded sources for org.springframework.boot:spring-boot-starter-data-mongodb:3.5.6
2025-10-11 20:02:26,606 [Worker-35: Building] INFO  o.a.m.s.f.DefaultMavenResourcesFiltering - Copying 1 resource from src\main\resources to target\classes
2025-10-11 20:02:26,625 [Worker-35: Building] INFO  o.a.m.s.f.DefaultMavenResourcesFiltering - Copying 0 resource from src\main\resources to target\classes
2025-10-11 20:02:26,633 [Worker-35: Building] INFO  o.a.m.s.f.DefaultMavenResourcesFiltering - skip non existing resourceDirectory C:\Users\taher\Downloads\ELECTRONICA-AI-PROJECT1\Ai-Application\Ai-application\src\test\resources
2025-10-11 20:04:26,981 [Worker-22: Building] INFO  o.a.m.s.f.DefaultMavenResourcesFiltering - Copying 1 resource from src\main\resources to target\classes
2025-10-11 20:04:26,997 [Worker-22: Building] INFO  o.a.m.s.f.DefaultMavenResourcesFiltering - Copying 0 resource from src\main\resources to target\classes
2025-10-11 20:04:27,001 [Worker-22: Building] INFO  o.a.m.s.f.DefaultMavenResourcesFiltering - skip non existing resourceDirectory C:\Users\taher\Downloads\ELECTRONICA-AI-PROJECT1\Ai-Application\Ai-application\src\test\resources
2025-10-11 20:04:46,795 [Worker-35: Building] INFO  o.a.m.s.f.DefaultMavenResourcesFiltering - Copying 1 resource from src\main\resources to target\classes
2025-10-11 20:04:46,803 [Worker-35: Building] INFO  o.a.m.s.f.DefaultMavenResourcesFiltering - Copying 0 resource from src\main\resources to target\classes
2025-10-11 20:04:46,806 [Worker-35: Building] INFO  o.a.m.s.f.DefaultMavenResourcesFiltering - skip non existing resourceDirectory C:\Users\taher\Downloads\ELECTRONICA-AI-PROJECT1\Ai-Application\Ai-application\src\test\resources
2025-10-11 20:05:02,400 [Worker-33: Building] INFO  o.a.m.s.f.DefaultMavenResourcesFiltering - Copying 1 resource from src\main\resources to target\classes
2025-10-11 20:05:02,410 [Worker-33: Building] INFO  o.a.m.s.f.DefaultMavenResourcesFiltering - Copying 0 resource from src\main\resources to target\classes
2025-10-11 20:05:02,414 [Worker-33: Building] INFO  o.a.m.s.f.DefaultMavenResourcesFiltering - skip non existing resourceDirectory C:\Users\taher\Downloads\ELECTRONICA-AI-PROJECT1\Ai-Application\Ai-application\src\test\resources
2025-10-11 20:05:09,775 [Worker-31: Building] INFO  o.a.m.s.f.DefaultMavenResourcesFiltering - Copying 1 resource from src\main\resources to target\classes
2025-10-11 20:05:09,787 [Worker-31: Building] INFO  o.a.m.s.f.DefaultMavenResourcesFiltering - Copying 0 resource from src\main\resources to target\classes
2025-10-11 20:05:09,790 [Worker-31: Building] INFO  o.a.m.s.f.DefaultMavenResourcesFiltering - skip non existing resourceDirectory C:\Users\taher\Downloads\ELECTRONICA-AI-PROJECT1\Ai-Application\Ai-application\src\test\resources
2025-10-11 20:05:14,818 [Worker-31: Building] INFO  o.a.m.s.f.DefaultMavenResourcesFiltering - Copying 1 resource from src\main\resources to target\classes
2025-10-11 20:05:14,832 [Worker-31: Building] INFO  o.a.m.s.f.DefaultMavenResourcesFiltering - Copying 0 resource from src\main\resources to target\classes
2025-10-11 20:05:14,838 [Worker-31: Building] INFO  o.a.m.s.f.DefaultMavenResourcesFiltering - skip non existing resourceDirectory C:\Users\taher\Downloads\ELECTRONICA-AI-PROJECT1\Ai-Application\Ai-application\src\test\resources
2025-10-11 20:06:29,302 [Worker-37: Building] INFO  o.a.m.s.f.DefaultMavenResourcesFiltering - Copying 1 resource from src\main\resources to target\classes
2025-10-11 20:06:29,316 [Worker-37: Building] INFO  o.a.m.s.f.DefaultMavenResourcesFiltering - Copying 0 resource from src\main\resources to target\classes
2025-10-11 20:06:29,323 [Worker-37: Building] INFO  o.a.m.s.f.DefaultMavenResourcesFiltering - skip non existing resourceDirectory C:\Users\taher\Downloads\ELECTRONICA-AI-PROJECT1\Ai-Application\Ai-application\src\test\resources
2025-10-11 20:08:26,637 [Worker-22: Building] INFO  o.e.m.c.i.l.LifecycleMappingFactory - Using org.eclipse.m2e.jdt.JarLifecycleMapping lifecycle mapping for MavenProject: com.example:Ai-application:0.0.1-SNAPSHOT @ C:\Users\taher\Downloads\ELECTRONICA-AI-PROJECT1\Ai-Application\Ai-application\pom.xml.
2025-10-11 20:08:28,157 [Worker-22: Building] INFO  o.a.m.s.f.DefaultMavenResourcesFiltering - Copying 0 resource from src\main\resources to target\classes
2025-10-11 20:08:28,158 [Worker-22: Building] INFO  o.a.m.s.f.DefaultMavenResourcesFiltering - Copying 0 resource from src\main\resources to target\classes
2025-10-11 20:08:28,166 [Worker-22: Building] INFO  o.a.m.s.f.DefaultMavenResourcesFiltering - skip non existing resourceDirectory C:\Users\taher\Downloads\ELECTRONICA-AI-PROJECT1\Ai-Application\Ai-application\src\test\resources
2025-10-11 20:08:34,993 [Worker-22: Building] INFO  o.e.m.c.i.l.LifecycleMappingFactory - Using org.eclipse.m2e.jdt.JarLifecycleMapping lifecycle mapping for MavenProject: com.example:Ai-application:0.0.1-SNAPSHOT @ C:\Users\taher\Downloads\ELECTRONICA-AI-PROJECT1\Ai-Application\Ai-application\pom.xml.
2025-10-11 20:08:35,646 [Worker-22: Building] INFO  o.a.m.s.f.DefaultMavenResourcesFiltering - Copying 0 resource from src\main\resources to target\classes
2025-10-11 20:08:35,647 [Worker-22: Building] INFO  o.a.m.s.f.DefaultMavenResourcesFiltering - Copying 0 resource from src\main\resources to target\classes
2025-10-11 20:08:35,652 [Worker-22: Building] INFO  o.a.m.s.f.DefaultMavenResourcesFiltering - skip non existing resourceDirectory C:\Users\taher\Downloads\ELECTRONICA-AI-PROJECT1\Ai-Application\Ai-application\src\test\resources
2025-10-11 20:09:50,299 [Worker-18: Building] INFO  o.a.m.s.f.DefaultMavenResourcesFiltering - Copying 1 resource from src\main\resources to target\classes
2025-10-11 20:09:50,322 [Worker-18: Building] INFO  o.a.m.s.f.DefaultMavenResourcesFiltering - Copying 0 resource from src\main\resources to target\classes
2025-10-11 20:09:50,325 [Worker-18: Building] INFO  o.a.m.s.f.DefaultMavenResourcesFiltering - skip non existing resourceDirectory C:\Users\taher\Downloads\ELECTRONICA-AI-PROJECT1\Ai-Application\Ai-application\src\test\resources
2025-10-11 20:12:12,396 [Worker-22: Building] INFO  o.a.m.s.f.DefaultMavenResourcesFiltering - Copying 1 resource from src\main\resources to target\classes
2025-10-11 20:12:12,422 [Worker-22: Building] INFO  o.a.m.s.f.DefaultMavenResourcesFiltering - Copying 0 resource from src\main\resources to target\classes
2025-10-11 20:12:12,424 [Worker-22: Building] INFO  o.a.m.s.f.DefaultMavenResourcesFiltering - skip non existing resourceDirectory C:\Users\taher\Downloads\ELECTRONICA-AI-PROJECT1\Ai-Application\Ai-application\src\test\resources
2025-10-11 20:13:12,054 [Worker-36: Building] INFO  o.a.m.s.f.DefaultMavenResourcesFiltering - Copying 1 resource from src\main\resources to target\classes
2025-10-11 20:13:12,062 [Worker-36: Building] INFO  o.a.m.s.f.DefaultMavenResourcesFiltering - Copying 0 resource from src\main\resources to target\classes
2025-10-11 20:13:12,067 [Worker-36: Building] INFO  o.a.m.s.f.DefaultMavenResourcesFiltering - skip non existing resourceDirectory C:\Users\taher\Downloads\ELECTRONICA-AI-PROJECT1\Ai-Application\Ai-application\src\test\resources
2025-10-11 20:13:56,427 [Worker-22: Building] INFO  o.a.m.s.f.DefaultMavenResourcesFiltering - Copying 1 resource from src\main\resources to target\classes
2025-10-11 20:13:56,437 [Worker-22: Building] INFO  o.a.m.s.f.DefaultMavenResourcesFiltering - Copying 0 resource from src\main\resources to target\classes
2025-10-11 20:13:56,440 [Worker-22: Building] INFO  o.a.m.s.f.DefaultMavenResourcesFiltering - skip non existing resourceDirectory C:\Users\taher\Downloads\ELECTRONICA-AI-PROJECT1\Ai-Application\Ai-application\src\test\resources
2025-10-11 20:14:15,091 [Worker-38: Building] INFO  o.a.m.s.f.DefaultMavenResourcesFiltering - Copying 1 resource from src\main\resources to target\classes
2025-10-11 20:14:15,097 [Worker-38: Building] INFO  o.a.m.s.f.DefaultMavenResourcesFiltering - Copying 0 resource from src\main\resources to target\classes
2025-10-11 20:14:15,099 [Worker-38: Building] INFO  o.a.m.s.f.DefaultMavenResourcesFiltering - skip non existing resourceDirectory C:\Users\taher\Downloads\ELECTRONICA-AI-PROJECT1\Ai-Application\Ai-application\src\test\resources
2025-10-11 20:14:44,322 [main] INFO  o.e.m2e.actions.ExecutePomAction - Creating new launch configuration
2025-10-11 20:14:57,178 [Worker-38: Launching Ai-application] INFO  o.eclipse.m2e.core.internal.Bundles - getClasspathEntries(Bundle=org.eclipse.m2e.maven.runtime_3.9.900.20240824-1409 [300])
2025-10-11 20:14:57,184 [Worker-38: Launching Ai-application] INFO  o.eclipse.m2e.core.internal.Bundles - 	Entry: C:\Users\taher\.p2\pool\plugins\org.eclipse.m2e.maven.runtime_3.9.900.20240824-1409
2025-10-11 20:14:57,184 [Worker-38: Launching Ai-application] INFO  o.eclipse.m2e.core.internal.Bundles - 	Entry: C:\Users\taher\.p2\pool\plugins\org.eclipse.m2e.maven.runtime_3.9.900.20240824-1409\jars\aopalliance-1.0.jar
2025-10-11 20:14:57,184 [Worker-38: Launching Ai-application] INFO  o.eclipse.m2e.core.internal.Bundles - 	Entry: C:\Users\taher\.p2\pool\plugins\org.eclipse.m2e.maven.runtime_3.9.900.20240824-1409\jars\guice-5.1.0.jar
2025-10-11 20:14:57,185 [Worker-38: Launching Ai-application] INFO  o.eclipse.m2e.core.internal.Bundles - 	Entry: C:\Users\taher\.p2\pool\plugins\org.eclipse.m2e.maven.runtime_3.9.900.20240824-1409\jars\httpclient-4.5.14.jar
2025-10-11 20:14:57,186 [Worker-38: Launching Ai-application] INFO  o.eclipse.m2e.core.internal.Bundles - 	Entry: C:\Users\taher\.p2\pool\plugins\org.eclipse.m2e.maven.runtime_3.9.900.20240824-1409\jars\httpcore-4.4.16.jar
2025-10-11 20:14:57,186 [Worker-38: Launching Ai-application] INFO  o.eclipse.m2e.core.internal.Bundles - 	Entry: C:\Users\taher\.p2\pool\plugins\org.eclipse.m2e.maven.runtime_3.9.900.20240824-1409\jars\jansi-2.4.1.jar
2025-10-11 20:14:57,186 [Worker-38: Launching Ai-application] INFO  o.eclipse.m2e.core.internal.Bundles - 	Entry: C:\Users\taher\.p2\pool\plugins\org.eclipse.m2e.maven.runtime_3.9.900.20240824-1409\jars\jcl-over-slf4j-1.7.36.jar
2025-10-11 20:14:57,187 [Worker-38: Launching Ai-application] INFO  o.eclipse.m2e.core.internal.Bundles - 	Entry: C:\Users\taher\.p2\pool\plugins\org.eclipse.m2e.maven.runtime_3.9.900.20240824-1409\jars\maven-artifact-3.9.9.jar
2025-10-11 20:14:57,187 [Worker-38: Launching Ai-application] INFO  o.eclipse.m2e.core.internal.Bundles - 	Entry: C:\Users\taher\.p2\pool\plugins\org.eclipse.m2e.maven.runtime_3.9.900.20240824-1409\jars\maven-builder-support-3.9.9.jar
2025-10-11 20:14:57,187 [Worker-38: Launching Ai-application] INFO  o.eclipse.m2e.core.internal.Bundles - 	Entry: C:\Users\taher\.p2\pool\plugins\org.eclipse.m2e.maven.runtime_3.9.900.20240824-1409\jars\maven-compat-3.9.9.jar
2025-10-11 20:14:57,187 [Worker-38: Launching Ai-application] INFO  o.eclipse.m2e.core.internal.Bundles - 	Entry: C:\Users\taher\.p2\pool\plugins\org.eclipse.m2e.maven.runtime_3.9.900.20240824-1409\jars\maven-core-3.9.9.jar
2025-10-11 20:14:57,188 [Worker-38: Launching Ai-application] INFO  o.eclipse.m2e.core.internal.Bundles - 	Entry: C:\Users\taher\.p2\pool\plugins\org.eclipse.m2e.maven.runtime_3.9.900.20240824-1409\jars\maven-embedder-3.9.9.jar
2025-10-11 20:14:57,188 [Worker-38: Launching Ai-application] INFO  o.eclipse.m2e.core.internal.Bundles - 	Entry: C:\Users\taher\.p2\pool\plugins\org.eclipse.m2e.maven.runtime_3.9.900.20240824-1409\jars\maven-model-3.9.9.jar
2025-10-11 20:14:57,188 [Worker-38: Launching Ai-application] INFO  o.eclipse.m2e.core.internal.Bundles - 	Entry: C:\Users\taher\.p2\pool\plugins\org.eclipse.m2e.maven.runtime_3.9.900.20240824-1409\jars\maven-model-builder-3.9.9.jar
2025-10-11 20:14:57,188 [Worker-38: Launching Ai-application] INFO  o.eclipse.m2e.core.internal.Bundles - 	Entry: C:\Users\taher\.p2\pool\plugins\org.eclipse.m2e.maven.runtime_3.9.900.20240824-1409\jars\maven-plugin-api-3.9.9.jar
2025-10-11 20:14:57,188 [Worker-38: Launching Ai-application] INFO  o.eclipse.m2e.core.internal.Bundles - 	Entry: C:\Users\taher\.p2\pool\plugins\org.eclipse.m2e.maven.runtime_3.9.900.20240824-1409\jars\maven-repository-metadata-3.9.9.jar
2025-10-11 20:14:57,188 [Worker-38: Launching Ai-application] INFO  o.eclipse.m2e.core.internal.Bundles - 	Entry: C:\Users\taher\.p2\pool\plugins\org.eclipse.m2e.maven.runtime_3.9.900.20240824-1409\jars\maven-resolver-api-1.9.22.jar
2025-10-11 20:14:57,189 [Worker-38: Launching Ai-application] INFO  o.eclipse.m2e.core.internal.Bundles - 	Entry: C:\Users\taher\.p2\pool\plugins\org.eclipse.m2e.maven.runtime_3.9.900.20240824-1409\jars\maven-resolver-connector-basic-1.9.22.jar
2025-10-11 20:14:57,189 [Worker-38: Launching Ai-application] INFO  o.eclipse.m2e.core.internal.Bundles - 	Entry: C:\Users\taher\.p2\pool\plugins\org.eclipse.m2e.maven.runtime_3.9.900.20240824-1409\jars\maven-resolver-impl-1.9.22.jar
2025-10-11 20:14:57,189 [Worker-38: Launching Ai-application] INFO  o.eclipse.m2e.core.internal.Bundles - 	Entry: C:\Users\taher\.p2\pool\plugins\org.eclipse.m2e.maven.runtime_3.9.900.20240824-1409\jars\maven-resolver-named-locks-1.9.22.jar
2025-10-11 20:14:57,189 [Worker-38: Launching Ai-application] INFO  o.eclipse.m2e.core.internal.Bundles - 	Entry: C:\Users\taher\.p2\pool\plugins\org.eclipse.m2e.maven.runtime_3.9.900.20240824-1409\jars\maven-resolver-provider-3.9.9.jar
2025-10-11 20:14:57,189 [Worker-38: Launching Ai-application] INFO  o.eclipse.m2e.core.internal.Bundles - 	Entry: C:\Users\taher\.p2\pool\plugins\org.eclipse.m2e.maven.runtime_3.9.900.20240824-1409\jars\maven-resolver-spi-1.9.22.jar
2025-10-11 20:14:57,189 [Worker-38: Launching Ai-application] INFO  o.eclipse.m2e.core.internal.Bundles - 	Entry: C:\Users\taher\.p2\pool\plugins\org.eclipse.m2e.maven.runtime_3.9.900.20240824-1409\jars\maven-resolver-transport-file-1.9.22.jar
2025-10-11 20:14:57,190 [Worker-38: Launching Ai-application] INFO  o.eclipse.m2e.core.internal.Bundles - 	Entry: C:\Users\taher\.p2\pool\plugins\org.eclipse.m2e.maven.runtime_3.9.900.20240824-1409\jars\maven-resolver-transport-http-1.9.22.jar
2025-10-11 20:14:57,190 [Worker-38: Launching Ai-application] INFO  o.eclipse.m2e.core.internal.Bundles - 	Entry: C:\Users\taher\.p2\pool\plugins\org.eclipse.m2e.maven.runtime_3.9.900.20240824-1409\jars\maven-resolver-transport-wagon-1.9.22.jar
2025-10-11 20:14:57,190 [Worker-38: Launching Ai-application] INFO  o.eclipse.m2e.core.internal.Bundles - 	Entry: C:\Users\taher\.p2\pool\plugins\org.eclipse.m2e.maven.runtime_3.9.900.20240824-1409\jars\maven-resolver-util-1.9.22.jar
2025-10-11 20:14:57,190 [Worker-38: Launching Ai-application] INFO  o.eclipse.m2e.core.internal.Bundles - 	Entry: C:\Users\taher\.p2\pool\plugins\org.eclipse.m2e.maven.runtime_3.9.900.20240824-1409\jars\maven-settings-3.9.9.jar
2025-10-11 20:14:57,190 [Worker-38: Launching Ai-application] INFO  o.eclipse.m2e.core.internal.Bundles - 	Entry: C:\Users\taher\.p2\pool\plugins\org.eclipse.m2e.maven.runtime_3.9.900.20240824-1409\jars\maven-settings-builder-3.9.9.jar
2025-10-11 20:14:57,190 [Worker-38: Launching Ai-application] INFO  o.eclipse.m2e.core.internal.Bundles - 	Entry: C:\Users\taher\.p2\pool\plugins\org.eclipse.m2e.maven.runtime_3.9.900.20240824-1409\jars\maven-shared-utils-3.4.2.jar
2025-10-11 20:14:57,191 [Worker-38: Launching Ai-application] INFO  o.eclipse.m2e.core.internal.Bundles - 	Entry: C:\Users\taher\.p2\pool\plugins\org.eclipse.m2e.maven.runtime_3.9.900.20240824-1409\jars\org.eclipse.sisu.inject-0.9.0.M3.jar
2025-10-11 20:14:57,191 [Worker-38: Launching Ai-application] INFO  o.eclipse.m2e.core.internal.Bundles - 	Entry: C:\Users\taher\.p2\pool\plugins\org.eclipse.m2e.maven.runtime_3.9.900.20240824-1409\jars\org.eclipse.sisu.plexus-0.9.0.M3.jar
2025-10-11 20:14:57,191 [Worker-38: Launching Ai-application] INFO  o.eclipse.m2e.core.internal.Bundles - 	Entry: C:\Users\taher\.p2\pool\plugins\org.eclipse.m2e.maven.runtime_3.9.900.20240824-1409\jars\plexus-build-api-0.0.7.jar
2025-10-11 20:14:57,191 [Worker-38: Launching Ai-application] INFO  o.eclipse.m2e.core.internal.Bundles - 	Entry: C:\Users\taher\.p2\pool\plugins\org.eclipse.m2e.maven.runtime_3.9.900.20240824-1409\jars\plexus-build-api-1.2.0.jar
2025-10-11 20:14:57,191 [Worker-38: Launching Ai-application] INFO  o.eclipse.m2e.core.internal.Bundles - 	Entry: C:\Users\taher\.p2\pool\plugins\org.eclipse.m2e.maven.runtime_3.9.900.20240824-1409\jars\plexus-cipher-2.0.jar
2025-10-11 20:14:57,191 [Worker-38: Launching Ai-application] INFO  o.eclipse.m2e.core.internal.Bundles - 	Entry: C:\Users\taher\.p2\pool\plugins\org.eclipse.m2e.maven.runtime_3.9.900.20240824-1409\jars\plexus-classworlds-2.8.0.jar
2025-10-11 20:14:57,191 [Worker-38: Launching Ai-application] INFO  o.eclipse.m2e.core.internal.Bundles - 	Entry: C:\Users\taher\.p2\pool\plugins\org.eclipse.m2e.maven.runtime_3.9.900.20240824-1409\jars\plexus-component-annotations-2.1.0.jar
2025-10-11 20:14:57,191 [Worker-38: Launching Ai-application] INFO  o.eclipse.m2e.core.internal.Bundles - 	Entry: C:\Users\taher\.p2\pool\plugins\org.eclipse.m2e.maven.runtime_3.9.900.20240824-1409\jars\plexus-interpolation-1.27.jar
2025-10-11 20:14:57,191 [Worker-38: Launching Ai-application] INFO  o.eclipse.m2e.core.internal.Bundles - 	Entry: C:\Users\taher\.p2\pool\plugins\org.eclipse.m2e.maven.runtime_3.9.900.20240824-1409\jars\plexus-sec-dispatcher-2.0.jar
2025-10-11 20:14:57,191 [Worker-38: Launching Ai-application] INFO  o.eclipse.m2e.core.internal.Bundles - 	Entry: C:\Users\taher\.p2\pool\plugins\org.eclipse.m2e.maven.runtime_3.9.900.20240824-1409\jars\plexus-utils-3.5.1.jar
2025-10-11 20:14:57,192 [Worker-38: Launching Ai-application] INFO  o.eclipse.m2e.core.internal.Bundles - 	Entry: C:\Users\taher\.p2\pool\plugins\org.eclipse.m2e.maven.runtime_3.9.900.20240824-1409\jars\plexus-xml-3.0.1.jar
2025-10-11 20:14:57,192 [Worker-38: Launching Ai-application] INFO  o.eclipse.m2e.core.internal.Bundles - 	Entry: C:\Users\taher\.p2\pool\plugins\org.eclipse.m2e.maven.runtime_3.9.900.20240824-1409\jars\wagon-file-3.5.3.jar
2025-10-11 20:14:57,192 [Worker-38: Launching Ai-application] INFO  o.eclipse.m2e.core.internal.Bundles - 	Entry: C:\Users\taher\.p2\pool\plugins\org.eclipse.m2e.maven.runtime_3.9.900.20240824-1409\jars\wagon-http-3.5.3.jar
2025-10-11 20:14:57,192 [Worker-38: Launching Ai-application] INFO  o.eclipse.m2e.core.internal.Bundles - 	Entry: C:\Users\taher\.p2\pool\plugins\org.eclipse.m2e.maven.runtime_3.9.900.20240824-1409\jars\wagon-http-shared-3.5.3.jar
2025-10-11 20:14:57,192 [Worker-38: Launching Ai-application] INFO  o.eclipse.m2e.core.internal.Bundles - 	Entry: C:\Users\taher\.p2\pool\plugins\org.eclipse.m2e.maven.runtime_3.9.900.20240824-1409\jars\wagon-provider-api-3.5.3.jar
2025-10-11 20:14:57,197 [Worker-38: Launching Ai-application] INFO  o.eclipse.m2e.core.internal.Bundles - getClasspathEntries(Bundle=com.google.guava_33.3.1.jre [10])
2025-10-11 20:14:57,199 [Worker-38: Launching Ai-application] INFO  o.eclipse.m2e.core.internal.Bundles - 	Entry: C:\Users\taher\.p2\pool\plugins\com.google.guava_33.3.1.jre.jar
2025-10-11 20:14:57,199 [Worker-38: Launching Ai-application] INFO  o.eclipse.m2e.core.internal.Bundles - getClasspathEntries(Bundle=slf4j.api_2.0.16 [524])
2025-10-11 20:14:57,200 [Worker-38: Launching Ai-application] INFO  o.eclipse.m2e.core.internal.Bundles - 	Entry: C:\Users\taher\.p2\pool\plugins\slf4j.api_2.0.16.jar
2025-10-11 20:14:57,201 [Worker-38: Launching Ai-application] INFO  o.eclipse.m2e.core.internal.Bundles - getClasspathEntries(Bundle=jakarta.inject.jakarta.inject-api_1.0.5 [22])
2025-10-11 20:14:57,201 [Worker-38: Launching Ai-application] INFO  o.eclipse.m2e.core.internal.Bundles - 	Entry: C:\Users\taher\.p2\pool\plugins\jakarta.inject.jakarta.inject-api_1.0.5.jar
2025-10-11 20:14:57,201 [Worker-38: Launching Ai-application] INFO  o.eclipse.m2e.core.internal.Bundles - getClasspathEntries(Bundle=jakarta.annotation-api_1.3.5 [20])
2025-10-11 20:14:57,202 [Worker-38: Launching Ai-application] INFO  o.eclipse.m2e.core.internal.Bundles - 	Entry: C:\Users\taher\.p2\pool\plugins\jakarta.annotation-api_1.3.5.jar
2025-10-11 20:14:57,202 [Worker-38: Launching Ai-application] INFO  o.eclipse.m2e.core.internal.Bundles - getClasspathEntries(Bundle=org.apache.commons.cli_1.9.0 [47])
2025-10-11 20:14:57,203 [Worker-38: Launching Ai-application] INFO  o.eclipse.m2e.core.internal.Bundles - 	Entry: C:\Users\taher\.p2\pool\plugins\org.apache.commons.cli_1.9.0.jar
2025-10-11 20:14:57,203 [Worker-38: Launching Ai-application] INFO  o.eclipse.m2e.core.internal.Bundles - getClasspathEntries(Bundle=org.apache.commons.commons-codec_1.16.0 [50])
2025-10-11 20:14:57,204 [Worker-38: Launching Ai-application] INFO  o.eclipse.m2e.core.internal.Bundles - 	Entry: C:\Users\taher\.p2\pool\plugins\org.apache.commons.commons-codec_1.16.0.jar
2025-10-11 20:14:57,204 [Worker-38: Launching Ai-application] INFO  o.eclipse.m2e.core.internal.Bundles - getClasspathEntries(Bundle=com.google.guava.failureaccess_1.0.2 [11])
2025-10-11 20:14:57,204 [Worker-38: Launching Ai-application] INFO  o.eclipse.m2e.core.internal.Bundles - 	Entry: C:\Users\taher\.p2\pool\plugins\com.google.guava.failureaccess_1.0.2.jar
2025-10-11 20:14:57,233 [Worker-38: Launching Ai-application] INFO  o.e.m.i.launch.MavenLaunchDelegate - Run build in "C:\Users\taher\Downloads\ELECTRONICA-AI-PROJECT1\Ai-Application\Ai-application":
2025-10-11 20:14:57,246 [Worker-38: Launching Ai-application] INFO  o.e.m.i.launch.MavenLaunchDelegate -  mvn  -B -Dstyle.color=always clean install
2025-10-11 20:14:57,396 [Worker-35: Building] INFO  o.a.m.s.f.DefaultMavenResourcesFiltering - Copying 1 resource from src\main\resources to target\classes
2025-10-11 20:14:57,403 [Worker-35: Building] INFO  o.a.m.s.f.DefaultMavenResourcesFiltering - Copying 0 resource from src\main\resources to target\classes
2025-10-11 20:14:57,410 [Worker-35: Building] INFO  o.a.m.s.f.DefaultMavenResourcesFiltering - skip non existing resourceDirectory C:\Users\taher\Downloads\ELECTRONICA-AI-PROJECT1\Ai-Application\Ai-application\src\test\resources
2025-10-11 20:16:02,283 [Worker-39: Updating Maven Project] INFO  o.e.m.c.i.p.ProjectConfigurationManager - Update started
2025-10-11 20:16:02,682 [Worker-39: Updating Maven Project] INFO  o.e.m.c.i.l.LifecycleMappingFactory - Using org.eclipse.m2e.jdt.JarLifecycleMapping lifecycle mapping for MavenProject: com.example:Ai-application:0.0.1-SNAPSHOT @ C:\Users\taher\Downloads\ELECTRONICA-AI-PROJECT1\Ai-Application\Ai-application\pom.xml.
2025-10-11 20:16:03,156 [Worker-39: Updating Maven Project] INFO  o.e.m.j.i.AbstractJavaProjectConfigurator - Adding source folder /Ai-application/src/main/java
2025-10-11 20:16:03,157 [Worker-39: Updating Maven Project] INFO  o.e.m.j.i.AbstractJavaProjectConfigurator - Adding resource folder /Ai-application/src/main/resources
2025-10-11 20:16:03,157 [Worker-39: Updating Maven Project] INFO  o.e.m.j.i.AbstractJavaProjectConfigurator - Adding resource folder /Ai-application/src/main/resources
2025-10-11 20:16:03,157 [Worker-39: Updating Maven Project] INFO  o.e.m.j.i.AbstractJavaProjectConfigurator - Adding source folder /Ai-application/src/test/java
2025-10-11 20:16:03,158 [Worker-39: Updating Maven Project] INFO  o.e.m.j.i.AbstractJavaProjectConfigurator - Adding resource folder /Ai-application/src/test/resources
2025-10-11 20:16:03,297 [Worker-39: Updating Maven Project] INFO  o.e.m.c.i.p.ProjectConfigurationManager - Update completed for 1 poms: local refresh takes 0.00 sec, refresh facades takes 0.00 sec, update config takes 0.00 sec 
2025-10-11 20:16:03,685 [Worker-37: Building] INFO  o.a.m.s.f.DefaultMavenResourcesFiltering - Copying 1 resource from src\main\resources to target\classes
2025-10-11 20:16:03,705 [Worker-37: Building] INFO  o.a.m.s.f.DefaultMavenResourcesFiltering - Copying 0 resource from src\main\resources to target\classes
2025-10-11 20:16:03,710 [Worker-37: Building] INFO  o.a.m.s.f.DefaultMavenResourcesFiltering - skip non existing resourceDirectory C:\Users\taher\Downloads\ELECTRONICA-AI-PROJECT1\Ai-Application\Ai-application\src\test\resources
2025-10-11 20:16:18,371 [Worker-37: Launching Executing clean in C__Users_taher_Downloads_ELECTRONICA-AI-PROJECT1_Ai-Application_Ai-application] INFO  o.eclipse.m2e.core.internal.Bundles - getClasspathEntries(Bundle=org.eclipse.m2e.maven.runtime_3.9.900.20240824-1409 [300])
2025-10-11 20:16:18,371 [Worker-37: Launching Executing clean in C__Users_taher_Downloads_ELECTRONICA-AI-PROJECT1_Ai-Application_Ai-application] INFO  o.eclipse.m2e.core.internal.Bundles - 	Entry: C:\Users\taher\.p2\pool\plugins\org.eclipse.m2e.maven.runtime_3.9.900.20240824-1409
2025-10-11 20:16:18,371 [Worker-37: Launching Executing clean in C__Users_taher_Downloads_ELECTRONICA-AI-PROJECT1_Ai-Application_Ai-application] INFO  o.eclipse.m2e.core.internal.Bundles - 	Entry: C:\Users\taher\.p2\pool\plugins\org.eclipse.m2e.maven.runtime_3.9.900.20240824-1409\jars\aopalliance-1.0.jar
2025-10-11 20:16:18,371 [Worker-37: Launching Executing clean in C__Users_taher_Downloads_ELECTRONICA-AI-PROJECT1_Ai-Application_Ai-application] INFO  o.eclipse.m2e.core.internal.Bundles - 	Entry: C:\Users\taher\.p2\pool\plugins\org.eclipse.m2e.maven.runtime_3.9.900.20240824-1409\jars\guice-5.1.0.jar
2025-10-11 20:16:18,372 [Worker-37: Launching Executing clean in C__Users_taher_Downloads_ELECTRONICA-AI-PROJECT1_Ai-Application_Ai-application] INFO  o.eclipse.m2e.core.internal.Bundles - 	Entry: C:\Users\taher\.p2\pool\plugins\org.eclipse.m2e.maven.runtime_3.9.900.20240824-1409\jars\httpclient-4.5.14.jar
2025-10-11 20:16:18,372 [Worker-37: Launching Executing clean in C__Users_taher_Downloads_ELECTRONICA-AI-PROJECT1_Ai-Application_Ai-application] INFO  o.eclipse.m2e.core.internal.Bundles - 	Entry: C:\Users\taher\.p2\pool\plugins\org.eclipse.m2e.maven.runtime_3.9.900.20240824-1409\jars\httpcore-4.4.16.jar
2025-10-11 20:16:18,372 [Worker-37: Launching Executing clean in C__Users_taher_Downloads_ELECTRONICA-AI-PROJECT1_Ai-Application_Ai-application] INFO  o.eclipse.m2e.core.internal.Bundles - 	Entry: C:\Users\taher\.p2\pool\plugins\org.eclipse.m2e.maven.runtime_3.9.900.20240824-1409\jars\jansi-2.4.1.jar
2025-10-11 20:16:18,372 [Worker-37: Launching Executing clean in C__Users_taher_Downloads_ELECTRONICA-AI-PROJECT1_Ai-Application_Ai-application] INFO  o.eclipse.m2e.core.internal.Bundles - 	Entry: C:\Users\taher\.p2\pool\plugins\org.eclipse.m2e.maven.runtime_3.9.900.20240824-1409\jars\jcl-over-slf4j-1.7.36.jar
2025-10-11 20:16:18,372 [Worker-37: Launching Executing clean in C__Users_taher_Downloads_ELECTRONICA-AI-PROJECT1_Ai-Application_Ai-application] INFO  o.eclipse.m2e.core.internal.Bundles - 	Entry: C:\Users\taher\.p2\pool\plugins\org.eclipse.m2e.maven.runtime_3.9.900.20240824-1409\jars\maven-artifact-3.9.9.jar
2025-10-11 20:16:18,372 [Worker-37: Launching Executing clean in C__Users_taher_Downloads_ELECTRONICA-AI-PROJECT1_Ai-Application_Ai-application] INFO  o.eclipse.m2e.core.internal.Bundles - 	Entry: C:\Users\taher\.p2\pool\plugins\org.eclipse.m2e.maven.runtime_3.9.900.20240824-1409\jars\maven-builder-support-3.9.9.jar
2025-10-11 20:16:18,372 [Worker-37: Launching Executing clean in C__Users_taher_Downloads_ELECTRONICA-AI-PROJECT1_Ai-Application_Ai-application] INFO  o.eclipse.m2e.core.internal.Bundles - 	Entry: C:\Users\taher\.p2\pool\plugins\org.eclipse.m2e.maven.runtime_3.9.900.20240824-1409\jars\maven-compat-3.9.9.jar
2025-10-11 20:16:18,372 [Worker-37: Launching Executing clean in C__Users_taher_Downloads_ELECTRONICA-AI-PROJECT1_Ai-Application_Ai-application] INFO  o.eclipse.m2e.core.internal.Bundles - 	Entry: C:\Users\taher\.p2\pool\plugins\org.eclipse.m2e.maven.runtime_3.9.900.20240824-1409\jars\maven-core-3.9.9.jar
2025-10-11 20:16:18,372 [Worker-37: Launching Executing clean in C__Users_taher_Downloads_ELECTRONICA-AI-PROJECT1_Ai-Application_Ai-application] INFO  o.eclipse.m2e.core.internal.Bundles - 	Entry: C:\Users\taher\.p2\pool\plugins\org.eclipse.m2e.maven.runtime_3.9.900.20240824-1409\jars\maven-embedder-3.9.9.jar
2025-10-11 20:16:18,372 [Worker-37: Launching Executing clean in C__Users_taher_Downloads_ELECTRONICA-AI-PROJECT1_Ai-Application_Ai-application] INFO  o.eclipse.m2e.core.internal.Bundles - 	Entry: C:\Users\taher\.p2\pool\plugins\org.eclipse.m2e.maven.runtime_3.9.900.20240824-1409\jars\maven-model-3.9.9.jar
2025-10-11 20:16:18,372 [Worker-37: Launching Executing clean in C__Users_taher_Downloads_ELECTRONICA-AI-PROJECT1_Ai-Application_Ai-application] INFO  o.eclipse.m2e.core.internal.Bundles - 	Entry: C:\Users\taher\.p2\pool\plugins\org.eclipse.m2e.maven.runtime_3.9.900.20240824-1409\jars\maven-model-builder-3.9.9.jar
2025-10-11 20:16:18,372 [Worker-37: Launching Executing clean in C__Users_taher_Downloads_ELECTRONICA-AI-PROJECT1_Ai-Application_Ai-application] INFO  o.eclipse.m2e.core.internal.Bundles - 	Entry: C:\Users\taher\.p2\pool\plugins\org.eclipse.m2e.maven.runtime_3.9.900.20240824-1409\jars\maven-plugin-api-3.9.9.jar
2025-10-11 20:16:18,372 [Worker-37: Launching Executing clean in C__Users_taher_Downloads_ELECTRONICA-AI-PROJECT1_Ai-Application_Ai-application] INFO  o.eclipse.m2e.core.internal.Bundles - 	Entry: C:\Users\taher\.p2\pool\plugins\org.eclipse.m2e.maven.runtime_3.9.900.20240824-1409\jars\maven-repository-metadata-3.9.9.jar
2025-10-11 20:16:18,372 [Worker-37: Launching Executing clean in C__Users_taher_Downloads_ELECTRONICA-AI-PROJECT1_Ai-Application_Ai-application] INFO  o.eclipse.m2e.core.internal.Bundles - 	Entry: C:\Users\taher\.p2\pool\plugins\org.eclipse.m2e.maven.runtime_3.9.900.20240824-1409\jars\maven-resolver-api-1.9.22.jar
2025-10-11 20:16:18,372 [Worker-37: Launching Executing clean in C__Users_taher_Downloads_ELECTRONICA-AI-PROJECT1_Ai-Application_Ai-application] INFO  o.eclipse.m2e.core.internal.Bundles - 	Entry: C:\Users\taher\.p2\pool\plugins\org.eclipse.m2e.maven.runtime_3.9.900.20240824-1409\jars\maven-resolver-connector-basic-1.9.22.jar
2025-10-11 20:16:18,372 [Worker-37: Launching Executing clean in C__Users_taher_Downloads_ELECTRONICA-AI-PROJECT1_Ai-Application_Ai-application] INFO  o.eclipse.m2e.core.internal.Bundles - 	Entry: C:\Users\taher\.p2\pool\plugins\org.eclipse.m2e.maven.runtime_3.9.900.20240824-1409\jars\maven-resolver-impl-1.9.22.jar
2025-10-11 20:16:18,372 [Worker-37: Launching Executing clean in C__Users_taher_Downloads_ELECTRONICA-AI-PROJECT1_Ai-Application_Ai-application] INFO  o.eclipse.m2e.core.internal.Bundles - 	Entry: C:\Users\taher\.p2\pool\plugins\org.eclipse.m2e.maven.runtime_3.9.900.20240824-1409\jars\maven-resolver-named-locks-1.9.22.jar
2025-10-11 20:16:18,373 [Worker-37: Launching Executing clean in C__Users_taher_Downloads_ELECTRONICA-AI-PROJECT1_Ai-Application_Ai-application] INFO  o.eclipse.m2e.core.internal.Bundles - 	Entry: C:\Users\taher\.p2\pool\plugins\org.eclipse.m2e.maven.runtime_3.9.900.20240824-1409\jars\maven-resolver-provider-3.9.9.jar
2025-10-11 20:16:18,373 [Worker-37: Launching Executing clean in C__Users_taher_Downloads_ELECTRONICA-AI-PROJECT1_Ai-Application_Ai-application] INFO  o.eclipse.m2e.core.internal.Bundles - 	Entry: C:\Users\taher\.p2\pool\plugins\org.eclipse.m2e.maven.runtime_3.9.900.20240824-1409\jars\maven-resolver-spi-1.9.22.jar
2025-10-11 20:16:18,373 [Worker-37: Launching Executing clean in C__Users_taher_Downloads_ELECTRONICA-AI-PROJECT1_Ai-Application_Ai-application] INFO  o.eclipse.m2e.core.internal.Bundles - 	Entry: C:\Users\taher\.p2\pool\plugins\org.eclipse.m2e.maven.runtime_3.9.900.20240824-1409\jars\maven-resolver-transport-file-1.9.22.jar
2025-10-11 20:16:18,373 [Worker-37: Launching Executing clean in C__Users_taher_Downloads_ELECTRONICA-AI-PROJECT1_Ai-Application_Ai-application] INFO  o.eclipse.m2e.core.internal.Bundles - 	Entry: C:\Users\taher\.p2\pool\plugins\org.eclipse.m2e.maven.runtime_3.9.900.20240824-1409\jars\maven-resolver-transport-http-1.9.22.jar
2025-10-11 20:16:18,373 [Worker-37: Launching Executing clean in C__Users_taher_Downloads_ELECTRONICA-AI-PROJECT1_Ai-Application_Ai-application] INFO  o.eclipse.m2e.core.internal.Bundles - 	Entry: C:\Users\taher\.p2\pool\plugins\org.eclipse.m2e.maven.runtime_3.9.900.20240824-1409\jars\maven-resolver-transport-wagon-1.9.22.jar
2025-10-11 20:16:18,373 [Worker-37: Launching Executing clean in C__Users_taher_Downloads_ELECTRONICA-AI-PROJECT1_Ai-Application_Ai-application] INFO  o.eclipse.m2e.core.internal.Bundles - 	Entry: C:\Users\taher\.p2\pool\plugins\org.eclipse.m2e.maven.runtime_3.9.900.20240824-1409\jars\maven-resolver-util-1.9.22.jar
2025-10-11 20:16:18,373 [Worker-37: Launching Executing clean in C__Users_taher_Downloads_ELECTRONICA-AI-PROJECT1_Ai-Application_Ai-application] INFO  o.eclipse.m2e.core.internal.Bundles - 	Entry: C:\Users\taher\.p2\pool\plugins\org.eclipse.m2e.maven.runtime_3.9.900.20240824-1409\jars\maven-settings-3.9.9.jar
2025-10-11 20:16:18,373 [Worker-37: Launching Executing clean in C__Users_taher_Downloads_ELECTRONICA-AI-PROJECT1_Ai-Application_Ai-application] INFO  o.eclipse.m2e.core.internal.Bundles - 	Entry: C:\Users\taher\.p2\pool\plugins\org.eclipse.m2e.maven.runtime_3.9.900.20240824-1409\jars\maven-settings-builder-3.9.9.jar
2025-10-11 20:16:18,373 [Worker-37: Launching Executing clean in C__Users_taher_Downloads_ELECTRONICA-AI-PROJECT1_Ai-Application_Ai-application] INFO  o.eclipse.m2e.core.internal.Bundles - 	Entry: C:\Users\taher\.p2\pool\plugins\org.eclipse.m2e.maven.runtime_3.9.900.20240824-1409\jars\maven-shared-utils-3.4.2.jar
2025-10-11 20:16:18,373 [Worker-37: Launching Executing clean in C__Users_taher_Downloads_ELECTRONICA-AI-PROJECT1_Ai-Application_Ai-application] INFO  o.eclipse.m2e.core.internal.Bundles - 	Entry: C:\Users\taher\.p2\pool\plugins\org.eclipse.m2e.maven.runtime_3.9.900.20240824-1409\jars\org.eclipse.sisu.inject-0.9.0.M3.jar
2025-10-11 20:16:18,373 [Worker-37: Launching Executing clean in C__Users_taher_Downloads_ELECTRONICA-AI-PROJECT1_Ai-Application_Ai-application] INFO  o.eclipse.m2e.core.internal.Bundles - 	Entry: C:\Users\taher\.p2\pool\plugins\org.eclipse.m2e.maven.runtime_3.9.900.20240824-1409\jars\org.eclipse.sisu.plexus-0.9.0.M3.jar
2025-10-11 20:16:18,373 [Worker-37: Launching Executing clean in C__Users_taher_Downloads_ELECTRONICA-AI-PROJECT1_Ai-Application_Ai-application] INFO  o.eclipse.m2e.core.internal.Bundles - 	Entry: C:\Users\taher\.p2\pool\plugins\org.eclipse.m2e.maven.runtime_3.9.900.20240824-1409\jars\plexus-build-api-0.0.7.jar
2025-10-11 20:16:18,373 [Worker-37: Launching Executing clean in C__Users_taher_Downloads_ELECTRONICA-AI-PROJECT1_Ai-Application_Ai-application] INFO  o.eclipse.m2e.core.internal.Bundles - 	Entry: C:\Users\taher\.p2\pool\plugins\org.eclipse.m2e.maven.runtime_3.9.900.20240824-1409\jars\plexus-build-api-1.2.0.jar
2025-10-11 20:16:18,373 [Worker-37: Launching Executing clean in C__Users_taher_Downloads_ELECTRONICA-AI-PROJECT1_Ai-Application_Ai-application] INFO  o.eclipse.m2e.core.internal.Bundles - 	Entry: C:\Users\taher\.p2\pool\plugins\org.eclipse.m2e.maven.runtime_3.9.900.20240824-1409\jars\plexus-cipher-2.0.jar
2025-10-11 20:16:18,373 [Worker-37: Launching Executing clean in C__Users_taher_Downloads_ELECTRONICA-AI-PROJECT1_Ai-Application_Ai-application] INFO  o.eclipse.m2e.core.internal.Bundles - 	Entry: C:\Users\taher\.p2\pool\plugins\org.eclipse.m2e.maven.runtime_3.9.900.20240824-1409\jars\plexus-classworlds-2.8.0.jar
2025-10-11 20:16:18,373 [Worker-37: Launching Executing clean in C__Users_taher_Downloads_ELECTRONICA-AI-PROJECT1_Ai-Application_Ai-application] INFO  o.eclipse.m2e.core.internal.Bundles - 	Entry: C:\Users\taher\.p2\pool\plugins\org.eclipse.m2e.maven.runtime_3.9.900.20240824-1409\jars\plexus-component-annotations-2.1.0.jar
2025-10-11 20:16:18,373 [Worker-37: Launching Executing clean in C__Users_taher_Downloads_ELECTRONICA-AI-PROJECT1_Ai-Application_Ai-application] INFO  o.eclipse.m2e.core.internal.Bundles - 	Entry: C:\Users\taher\.p2\pool\plugins\org.eclipse.m2e.maven.runtime_3.9.900.20240824-1409\jars\plexus-interpolation-1.27.jar
2025-10-11 20:16:18,374 [Worker-37: Launching Executing clean in C__Users_taher_Downloads_ELECTRONICA-AI-PROJECT1_Ai-Application_Ai-application] INFO  o.eclipse.m2e.core.internal.Bundles - 	Entry: C:\Users\taher\.p2\pool\plugins\org.eclipse.m2e.maven.runtime_3.9.900.20240824-1409\jars\plexus-sec-dispatcher-2.0.jar
2025-10-11 20:16:18,374 [Worker-37: Launching Executing clean in C__Users_taher_Downloads_ELECTRONICA-AI-PROJECT1_Ai-Application_Ai-application] INFO  o.eclipse.m2e.core.internal.Bundles - 	Entry: C:\Users\taher\.p2\pool\plugins\org.eclipse.m2e.maven.runtime_3.9.900.20240824-1409\jars\plexus-utils-3.5.1.jar
2025-10-11 20:16:18,374 [Worker-37: Launching Executing clean in C__Users_taher_Downloads_ELECTRONICA-AI-PROJECT1_Ai-Application_Ai-application] INFO  o.eclipse.m2e.core.internal.Bundles - 	Entry: C:\Users\taher\.p2\pool\plugins\org.eclipse.m2e.maven.runtime_3.9.900.20240824-1409\jars\plexus-xml-3.0.1.jar
2025-10-11 20:16:18,374 [Worker-37: Launching Executing clean in C__Users_taher_Downloads_ELECTRONICA-AI-PROJECT1_Ai-Application_Ai-application] INFO  o.eclipse.m2e.core.internal.Bundles - 	Entry: C:\Users\taher\.p2\pool\plugins\org.eclipse.m2e.maven.runtime_3.9.900.20240824-1409\jars\wagon-file-3.5.3.jar
2025-10-11 20:16:18,374 [Worker-37: Launching Executing clean in C__Users_taher_Downloads_ELECTRONICA-AI-PROJECT1_Ai-Application_Ai-application] INFO  o.eclipse.m2e.core.internal.Bundles - 	Entry: C:\Users\taher\.p2\pool\plugins\org.eclipse.m2e.maven.runtime_3.9.900.20240824-1409\jars\wagon-http-3.5.3.jar
2025-10-11 20:16:18,374 [Worker-37: Launching Executing clean in C__Users_taher_Downloads_ELECTRONICA-AI-PROJECT1_Ai-Application_Ai-application] INFO  o.eclipse.m2e.core.internal.Bundles - 	Entry: C:\Users\taher\.p2\pool\plugins\org.eclipse.m2e.maven.runtime_3.9.900.20240824-1409\jars\wagon-http-shared-3.5.3.jar
2025-10-11 20:16:18,374 [Worker-37: Launching Executing clean in C__Users_taher_Downloads_ELECTRONICA-AI-PROJECT1_Ai-Application_Ai-application] INFO  o.eclipse.m2e.core.internal.Bundles - 	Entry: C:\Users\taher\.p2\pool\plugins\org.eclipse.m2e.maven.runtime_3.9.900.20240824-1409\jars\wagon-provider-api-3.5.3.jar
2025-10-11 20:16:18,374 [Worker-37: Launching Executing clean in C__Users_taher_Downloads_ELECTRONICA-AI-PROJECT1_Ai-Application_Ai-application] INFO  o.eclipse.m2e.core.internal.Bundles - getClasspathEntries(Bundle=com.google.guava_33.3.1.jre [10])
2025-10-11 20:16:18,374 [Worker-37: Launching Executing clean in C__Users_taher_Downloads_ELECTRONICA-AI-PROJECT1_Ai-Application_Ai-application] INFO  o.eclipse.m2e.core.internal.Bundles - 	Entry: C:\Users\taher\.p2\pool\plugins\com.google.guava_33.3.1.jre.jar
2025-10-11 20:16:18,374 [Worker-37: Launching Executing clean in C__Users_taher_Downloads_ELECTRONICA-AI-PROJECT1_Ai-Application_Ai-application] INFO  o.eclipse.m2e.core.internal.Bundles - getClasspathEntries(Bundle=slf4j.api_2.0.16 [524])
2025-10-11 20:16:18,374 [Worker-37: Launching Executing clean in C__Users_taher_Downloads_ELECTRONICA-AI-PROJECT1_Ai-Application_Ai-application] INFO  o.eclipse.m2e.core.internal.Bundles - 	Entry: C:\Users\taher\.p2\pool\plugins\slf4j.api_2.0.16.jar
2025-10-11 20:16:18,374 [Worker-37: Launching Executing clean in C__Users_taher_Downloads_ELECTRONICA-AI-PROJECT1_Ai-Application_Ai-application] INFO  o.eclipse.m2e.core.internal.Bundles - getClasspathEntries(Bundle=jakarta.inject.jakarta.inject-api_1.0.5 [22])
2025-10-11 20:16:18,375 [Worker-37: Launching Executing clean in C__Users_taher_Downloads_ELECTRONICA-AI-PROJECT1_Ai-Application_Ai-application] INFO  o.eclipse.m2e.core.internal.Bundles - 	Entry: C:\Users\taher\.p2\pool\plugins\jakarta.inject.jakarta.inject-api_1.0.5.jar
2025-10-11 20:16:18,375 [Worker-37: Launching Executing clean in C__Users_taher_Downloads_ELECTRONICA-AI-PROJECT1_Ai-Application_Ai-application] INFO  o.eclipse.m2e.core.internal.Bundles - getClasspathEntries(Bundle=jakarta.annotation-api_1.3.5 [20])
2025-10-11 20:16:18,375 [Worker-37: Launching Executing clean in C__Users_taher_Downloads_ELECTRONICA-AI-PROJECT1_Ai-Application_Ai-application] INFO  o.eclipse.m2e.core.internal.Bundles - 	Entry: C:\Users\taher\.p2\pool\plugins\jakarta.annotation-api_1.3.5.jar
2025-10-11 20:16:18,375 [Worker-37: Launching Executing clean in C__Users_taher_Downloads_ELECTRONICA-AI-PROJECT1_Ai-Application_Ai-application] INFO  o.eclipse.m2e.core.internal.Bundles - getClasspathEntries(Bundle=org.apache.commons.cli_1.9.0 [47])
2025-10-11 20:16:18,375 [Worker-37: Launching Executing clean in C__Users_taher_Downloads_ELECTRONICA-AI-PROJECT1_Ai-Application_Ai-application] INFO  o.eclipse.m2e.core.internal.Bundles - 	Entry: C:\Users\taher\.p2\pool\plugins\org.apache.commons.cli_1.9.0.jar
2025-10-11 20:16:18,375 [Worker-37: Launching Executing clean in C__Users_taher_Downloads_ELECTRONICA-AI-PROJECT1_Ai-Application_Ai-application] INFO  o.eclipse.m2e.core.internal.Bundles - getClasspathEntries(Bundle=org.apache.commons.commons-codec_1.16.0 [50])
2025-10-11 20:16:18,375 [Worker-37: Launching Executing clean in C__Users_taher_Downloads_ELECTRONICA-AI-PROJECT1_Ai-Application_Ai-application] INFO  o.eclipse.m2e.core.internal.Bundles - 	Entry: C:\Users\taher\.p2\pool\plugins\org.apache.commons.commons-codec_1.16.0.jar
2025-10-11 20:16:18,375 [Worker-37: Launching Executing clean in C__Users_taher_Downloads_ELECTRONICA-AI-PROJECT1_Ai-Application_Ai-application] INFO  o.eclipse.m2e.core.internal.Bundles - getClasspathEntries(Bundle=com.google.guava.failureaccess_1.0.2 [11])
2025-10-11 20:16:18,376 [Worker-37: Launching Executing clean in C__Users_taher_Downloads_ELECTRONICA-AI-PROJECT1_Ai-Application_Ai-application] INFO  o.eclipse.m2e.core.internal.Bundles - 	Entry: C:\Users\taher\.p2\pool\plugins\com.google.guava.failureaccess_1.0.2.jar
2025-10-11 20:16:18,377 [Worker-37: Launching Executing clean in C__Users_taher_Downloads_ELECTRONICA-AI-PROJECT1_Ai-Application_Ai-application] INFO  o.e.m.i.launch.MavenLaunchDelegate - Run build in "C:\Users\taher\Downloads\ELECTRONICA-AI-PROJECT1\Ai-Application\Ai-application":
2025-10-11 20:16:18,377 [Worker-37: Launching Executing clean in C__Users_taher_Downloads_ELECTRONICA-AI-PROJECT1_Ai-Application_Ai-application] INFO  o.e.m.i.launch.MavenLaunchDelegate -  mvn  -B -Dstyle.color=always clean
2025-10-11 20:16:20,325 [Worker-35: Building] INFO  o.a.m.s.f.DefaultMavenResourcesFiltering - Copying 1 resource from src\main\resources to target\classes
2025-10-11 20:16:20,326 [Worker-35: Building] INFO  o.a.m.s.f.DefaultMavenResourcesFiltering - Copying 0 resource from src\main\resources to target\classes
2025-10-11 20:16:20,330 [Worker-35: Building] INFO  o.a.m.s.f.DefaultMavenResourcesFiltering - skip non existing resourceDirectory C:\Users\taher\Downloads\ELECTRONICA-AI-PROJECT1\Ai-Application\Ai-application\src\test\resources
2025-10-11 20:16:32,849 [main] INFO  o.e.m2e.actions.ExecutePomAction - Creating new launch configuration
2025-10-11 20:16:40,474 [Worker-38: Launching Ai-application (1)] INFO  o.eclipse.m2e.core.internal.Bundles - getClasspathEntries(Bundle=org.eclipse.m2e.maven.runtime_3.9.900.20240824-1409 [300])
2025-10-11 20:16:40,475 [Worker-38: Launching Ai-application (1)] INFO  o.eclipse.m2e.core.internal.Bundles - 	Entry: C:\Users\taher\.p2\pool\plugins\org.eclipse.m2e.maven.runtime_3.9.900.20240824-1409
2025-10-11 20:16:40,475 [Worker-38: Launching Ai-application (1)] INFO  o.eclipse.m2e.core.internal.Bundles - 	Entry: C:\Users\taher\.p2\pool\plugins\org.eclipse.m2e.maven.runtime_3.9.900.20240824-1409\jars\aopalliance-1.0.jar
2025-10-11 20:16:40,475 [Worker-38: Launching Ai-application (1)] INFO  o.eclipse.m2e.core.internal.Bundles - 	Entry: C:\Users\taher\.p2\pool\plugins\org.eclipse.m2e.maven.runtime_3.9.900.20240824-1409\jars\guice-5.1.0.jar
2025-10-11 20:16:40,475 [Worker-38: Launching Ai-application (1)] INFO  o.eclipse.m2e.core.internal.Bundles - 	Entry: C:\Users\taher\.p2\pool\plugins\org.eclipse.m2e.maven.runtime_3.9.900.20240824-1409\jars\httpclient-4.5.14.jar
2025-10-11 20:16:40,475 [Worker-38: Launching Ai-application (1)] INFO  o.eclipse.m2e.core.internal.Bundles - 	Entry: C:\Users\taher\.p2\pool\plugins\org.eclipse.m2e.maven.runtime_3.9.900.20240824-1409\jars\httpcore-4.4.16.jar
2025-10-11 20:16:40,475 [Worker-38: Launching Ai-application (1)] INFO  o.eclipse.m2e.core.internal.Bundles - 	Entry: C:\Users\taher\.p2\pool\plugins\org.eclipse.m2e.maven.runtime_3.9.900.20240824-1409\jars\jansi-2.4.1.jar
2025-10-11 20:16:40,476 [Worker-38: Launching Ai-application (1)] INFO  o.eclipse.m2e.core.internal.Bundles - 	Entry: C:\Users\taher\.p2\pool\plugins\org.eclipse.m2e.maven.runtime_3.9.900.20240824-1409\jars\jcl-over-slf4j-1.7.36.jar
2025-10-11 20:16:40,476 [Worker-38: Launching Ai-application (1)] INFO  o.eclipse.m2e.core.internal.Bundles - 	Entry: C:\Users\taher\.p2\pool\plugins\org.eclipse.m2e.maven.runtime_3.9.900.20240824-1409\jars\maven-artifact-3.9.9.jar
2025-10-11 20:16:40,476 [Worker-38: Launching Ai-application (1)] INFO  o.eclipse.m2e.core.internal.Bundles - 	Entry: C:\Users\taher\.p2\pool\plugins\org.eclipse.m2e.maven.runtime_3.9.900.20240824-1409\jars\maven-builder-support-3.9.9.jar
2025-10-11 20:16:40,476 [Worker-38: Launching Ai-application (1)] INFO  o.eclipse.m2e.core.internal.Bundles - 	Entry: C:\Users\taher\.p2\pool\plugins\org.eclipse.m2e.maven.runtime_3.9.900.20240824-1409\jars\maven-compat-3.9.9.jar
2025-10-11 20:16:40,476 [Worker-38: Launching Ai-application (1)] INFO  o.eclipse.m2e.core.internal.Bundles - 	Entry: C:\Users\taher\.p2\pool\plugins\org.eclipse.m2e.maven.runtime_3.9.900.20240824-1409\jars\maven-core-3.9.9.jar
2025-10-11 20:16:40,476 [Worker-38: Launching Ai-application (1)] INFO  o.eclipse.m2e.core.internal.Bundles - 	Entry: C:\Users\taher\.p2\pool\plugins\org.eclipse.m2e.maven.runtime_3.9.900.20240824-1409\jars\maven-embedder-3.9.9.jar
2025-10-11 20:16:40,476 [Worker-38: Launching Ai-application (1)] INFO  o.eclipse.m2e.core.internal.Bundles - 	Entry: C:\Users\taher\.p2\pool\plugins\org.eclipse.m2e.maven.runtime_3.9.900.20240824-1409\jars\maven-model-3.9.9.jar
2025-10-11 20:16:40,476 [Worker-38: Launching Ai-application (1)] INFO  o.eclipse.m2e.core.internal.Bundles - 	Entry: C:\Users\taher\.p2\pool\plugins\org.eclipse.m2e.maven.runtime_3.9.900.20240824-1409\jars\maven-model-builder-3.9.9.jar
2025-10-11 20:16:40,476 [Worker-38: Launching Ai-application (1)] INFO  o.eclipse.m2e.core.internal.Bundles - 	Entry: C:\Users\taher\.p2\pool\plugins\org.eclipse.m2e.maven.runtime_3.9.900.20240824-1409\jars\maven-plugin-api-3.9.9.jar
2025-10-11 20:16:40,476 [Worker-38: Launching Ai-application (1)] INFO  o.eclipse.m2e.core.internal.Bundles - 	Entry: C:\Users\taher\.p2\pool\plugins\org.eclipse.m2e.maven.runtime_3.9.900.20240824-1409\jars\maven-repository-metadata-3.9.9.jar
2025-10-11 20:16:40,476 [Worker-38: Launching Ai-application (1)] INFO  o.eclipse.m2e.core.internal.Bundles - 	Entry: C:\Users\taher\.p2\pool\plugins\org.eclipse.m2e.maven.runtime_3.9.900.20240824-1409\jars\maven-resolver-api-1.9.22.jar
2025-10-11 20:16:40,476 [Worker-38: Launching Ai-application (1)] INFO  o.eclipse.m2e.core.internal.Bundles - 	Entry: C:\Users\taher\.p2\pool\plugins\org.eclipse.m2e.maven.runtime_3.9.900.20240824-1409\jars\maven-resolver-connector-basic-1.9.22.jar
2025-10-11 20:16:40,476 [Worker-38: Launching Ai-application (1)] INFO  o.eclipse.m2e.core.internal.Bundles - 	Entry: C:\Users\taher\.p2\pool\plugins\org.eclipse.m2e.maven.runtime_3.9.900.20240824-1409\jars\maven-resolver-impl-1.9.22.jar
2025-10-11 20:16:40,477 [Worker-38: Launching Ai-application (1)] INFO  o.eclipse.m2e.core.internal.Bundles - 	Entry: C:\Users\taher\.p2\pool\plugins\org.eclipse.m2e.maven.runtime_3.9.900.20240824-1409\jars\maven-resolver-named-locks-1.9.22.jar
2025-10-11 20:16:40,477 [Worker-38: Launching Ai-application (1)] INFO  o.eclipse.m2e.core.internal.Bundles - 	Entry: C:\Users\taher\.p2\pool\plugins\org.eclipse.m2e.maven.runtime_3.9.900.20240824-1409\jars\maven-resolver-provider-3.9.9.jar
2025-10-11 20:16:40,477 [Worker-38: Launching Ai-application (1)] INFO  o.eclipse.m2e.core.internal.Bundles - 	Entry: C:\Users\taher\.p2\pool\plugins\org.eclipse.m2e.maven.runtime_3.9.900.20240824-1409\jars\maven-resolver-spi-1.9.22.jar
2025-10-11 20:16:40,477 [Worker-38: Launching Ai-application (1)] INFO  o.eclipse.m2e.core.internal.Bundles - 	Entry: C:\Users\taher\.p2\pool\plugins\org.eclipse.m2e.maven.runtime_3.9.900.20240824-1409\jars\maven-resolver-transport-file-1.9.22.jar
2025-10-11 20:16:40,477 [Worker-38: Launching Ai-application (1)] INFO  o.eclipse.m2e.core.internal.Bundles - 	Entry: C:\Users\taher\.p2\pool\plugins\org.eclipse.m2e.maven.runtime_3.9.900.20240824-1409\jars\maven-resolver-transport-http-1.9.22.jar
2025-10-11 20:16:40,477 [Worker-38: Launching Ai-application (1)] INFO  o.eclipse.m2e.core.internal.Bundles - 	Entry: C:\Users\taher\.p2\pool\plugins\org.eclipse.m2e.maven.runtime_3.9.900.20240824-1409\jars\maven-resolver-transport-wagon-1.9.22.jar
2025-10-11 20:16:40,477 [Worker-38: Launching Ai-application (1)] INFO  o.eclipse.m2e.core.internal.Bundles - 	Entry: C:\Users\taher\.p2\pool\plugins\org.eclipse.m2e.maven.runtime_3.9.900.20240824-1409\jars\maven-resolver-util-1.9.22.jar
2025-10-11 20:16:40,477 [Worker-38: Launching Ai-application (1)] INFO  o.eclipse.m2e.core.internal.Bundles - 	Entry: C:\Users\taher\.p2\pool\plugins\org.eclipse.m2e.maven.runtime_3.9.900.20240824-1409\jars\maven-settings-3.9.9.jar
2025-10-11 20:16:40,477 [Worker-38: Launching Ai-application (1)] INFO  o.eclipse.m2e.core.internal.Bundles - 	Entry: C:\Users\taher\.p2\pool\plugins\org.eclipse.m2e.maven.runtime_3.9.900.20240824-1409\jars\maven-settings-builder-3.9.9.jar
2025-10-11 20:16:40,477 [Worker-38: Launching Ai-application (1)] INFO  o.eclipse.m2e.core.internal.Bundles - 	Entry: C:\Users\taher\.p2\pool\plugins\org.eclipse.m2e.maven.runtime_3.9.900.20240824-1409\jars\maven-shared-utils-3.4.2.jar
2025-10-11 20:16:40,477 [Worker-38: Launching Ai-application (1)] INFO  o.eclipse.m2e.core.internal.Bundles - 	Entry: C:\Users\taher\.p2\pool\plugins\org.eclipse.m2e.maven.runtime_3.9.900.20240824-1409\jars\org.eclipse.sisu.inject-0.9.0.M3.jar
2025-10-11 20:16:40,477 [Worker-38: Launching Ai-application (1)] INFO  o.eclipse.m2e.core.internal.Bundles - 	Entry: C:\Users\taher\.p2\pool\plugins\org.eclipse.m2e.maven.runtime_3.9.900.20240824-1409\jars\org.eclipse.sisu.plexus-0.9.0.M3.jar
2025-10-11 20:16:40,477 [Worker-38: Launching Ai-application (1)] INFO  o.eclipse.m2e.core.internal.Bundles - 	Entry: C:\Users\taher\.p2\pool\plugins\org.eclipse.m2e.maven.runtime_3.9.900.20240824-1409\jars\plexus-build-api-0.0.7.jar
2025-10-11 20:16:40,477 [Worker-38: Launching Ai-application (1)] INFO  o.eclipse.m2e.core.internal.Bundles - 	Entry: C:\Users\taher\.p2\pool\plugins\org.eclipse.m2e.maven.runtime_3.9.900.20240824-1409\jars\plexus-build-api-1.2.0.jar
2025-10-11 20:16:40,477 [Worker-38: Launching Ai-application (1)] INFO  o.eclipse.m2e.core.internal.Bundles - 	Entry: C:\Users\taher\.p2\pool\plugins\org.eclipse.m2e.maven.runtime_3.9.900.20240824-1409\jars\plexus-cipher-2.0.jar
2025-10-11 20:16:40,477 [Worker-38: Launching Ai-application (1)] INFO  o.eclipse.m2e.core.internal.Bundles - 	Entry: C:\Users\taher\.p2\pool\plugins\org.eclipse.m2e.maven.runtime_3.9.900.20240824-1409\jars\plexus-classworlds-2.8.0.jar
2025-10-11 20:16:40,478 [Worker-38: Launching Ai-application (1)] INFO  o.eclipse.m2e.core.internal.Bundles - 	Entry: C:\Users\taher\.p2\pool\plugins\org.eclipse.m2e.maven.runtime_3.9.900.20240824-1409\jars\plexus-component-annotations-2.1.0.jar
2025-10-11 20:16:40,478 [Worker-38: Launching Ai-application (1)] INFO  o.eclipse.m2e.core.internal.Bundles - 	Entry: C:\Users\taher\.p2\pool\plugins\org.eclipse.m2e.maven.runtime_3.9.900.20240824-1409\jars\plexus-interpolation-1.27.jar
2025-10-11 20:16:40,478 [Worker-38: Launching Ai-application (1)] INFO  o.eclipse.m2e.core.internal.Bundles - 	Entry: C:\Users\taher\.p2\pool\plugins\org.eclipse.m2e.maven.runtime_3.9.900.20240824-1409\jars\plexus-sec-dispatcher-2.0.jar
2025-10-11 20:16:40,478 [Worker-38: Launching Ai-application (1)] INFO  o.eclipse.m2e.core.internal.Bundles - 	Entry: C:\Users\taher\.p2\pool\plugins\org.eclipse.m2e.maven.runtime_3.9.900.20240824-1409\jars\plexus-utils-3.5.1.jar
2025-10-11 20:16:40,478 [Worker-38: Launching Ai-application (1)] INFO  o.eclipse.m2e.core.internal.Bundles - 	Entry: C:\Users\taher\.p2\pool\plugins\org.eclipse.m2e.maven.runtime_3.9.900.20240824-1409\jars\plexus-xml-3.0.1.jar
2025-10-11 20:16:40,478 [Worker-38: Launching Ai-application (1)] INFO  o.eclipse.m2e.core.internal.Bundles - 	Entry: C:\Users\taher\.p2\pool\plugins\org.eclipse.m2e.maven.runtime_3.9.900.20240824-1409\jars\wagon-file-3.5.3.jar
2025-10-11 20:16:40,478 [Worker-38: Launching Ai-application (1)] INFO  o.eclipse.m2e.core.internal.Bundles - 	Entry: C:\Users\taher\.p2\pool\plugins\org.eclipse.m2e.maven.runtime_3.9.900.20240824-1409\jars\wagon-http-3.5.3.jar
2025-10-11 20:16:40,478 [Worker-38: Launching Ai-application (1)] INFO  o.eclipse.m2e.core.internal.Bundles - 	Entry: C:\Users\taher\.p2\pool\plugins\org.eclipse.m2e.maven.runtime_3.9.900.20240824-1409\jars\wagon-http-shared-3.5.3.jar
2025-10-11 20:16:40,478 [Worker-38: Launching Ai-application (1)] INFO  o.eclipse.m2e.core.internal.Bundles - 	Entry: C:\Users\taher\.p2\pool\plugins\org.eclipse.m2e.maven.runtime_3.9.900.20240824-1409\jars\wagon-provider-api-3.5.3.jar
2025-10-11 20:16:40,478 [Worker-38: Launching Ai-application (1)] INFO  o.eclipse.m2e.core.internal.Bundles - getClasspathEntries(Bundle=com.google.guava_33.3.1.jre [10])
2025-10-11 20:16:40,479 [Worker-38: Launching Ai-application (1)] INFO  o.eclipse.m2e.core.internal.Bundles - 	Entry: C:\Users\taher\.p2\pool\plugins\com.google.guava_33.3.1.jre.jar
2025-10-11 20:16:40,479 [Worker-38: Launching Ai-application (1)] INFO  o.eclipse.m2e.core.internal.Bundles - getClasspathEntries(Bundle=slf4j.api_2.0.16 [524])
2025-10-11 20:16:40,479 [Worker-38: Launching Ai-application (1)] INFO  o.eclipse.m2e.core.internal.Bundles - 	Entry: C:\Users\taher\.p2\pool\plugins\slf4j.api_2.0.16.jar
2025-10-11 20:16:40,479 [Worker-38: Launching Ai-application (1)] INFO  o.eclipse.m2e.core.internal.Bundles - getClasspathEntries(Bundle=jakarta.inject.jakarta.inject-api_1.0.5 [22])
2025-10-11 20:16:40,479 [Worker-38: Launching Ai-application (1)] INFO  o.eclipse.m2e.core.internal.Bundles - 	Entry: C:\Users\taher\.p2\pool\plugins\jakarta.inject.jakarta.inject-api_1.0.5.jar
2025-10-11 20:16:40,479 [Worker-38: Launching Ai-application (1)] INFO  o.eclipse.m2e.core.internal.Bundles - getClasspathEntries(Bundle=jakarta.annotation-api_1.3.5 [20])
2025-10-11 20:16:40,479 [Worker-38: Launching Ai-application (1)] INFO  o.eclipse.m2e.core.internal.Bundles - 	Entry: C:\Users\taher\.p2\pool\plugins\jakarta.annotation-api_1.3.5.jar
2025-10-11 20:16:40,479 [Worker-38: Launching Ai-application (1)] INFO  o.eclipse.m2e.core.internal.Bundles - getClasspathEntries(Bundle=org.apache.commons.cli_1.9.0 [47])
2025-10-11 20:16:40,480 [Worker-38: Launching Ai-application (1)] INFO  o.eclipse.m2e.core.internal.Bundles - 	Entry: C:\Users\taher\.p2\pool\plugins\org.apache.commons.cli_1.9.0.jar
2025-10-11 20:16:40,480 [Worker-38: Launching Ai-application (1)] INFO  o.eclipse.m2e.core.internal.Bundles - getClasspathEntries(Bundle=org.apache.commons.commons-codec_1.16.0 [50])
2025-10-11 20:16:40,480 [Worker-38: Launching Ai-application (1)] INFO  o.eclipse.m2e.core.internal.Bundles - 	Entry: C:\Users\taher\.p2\pool\plugins\org.apache.commons.commons-codec_1.16.0.jar
2025-10-11 20:16:40,480 [Worker-38: Launching Ai-application (1)] INFO  o.eclipse.m2e.core.internal.Bundles - getClasspathEntries(Bundle=com.google.guava.failureaccess_1.0.2 [11])
2025-10-11 20:16:40,480 [Worker-38: Launching Ai-application (1)] INFO  o.eclipse.m2e.core.internal.Bundles - 	Entry: C:\Users\taher\.p2\pool\plugins\com.google.guava.failureaccess_1.0.2.jar
2025-10-11 20:16:40,481 [Worker-38: Launching Ai-application (1)] INFO  o.e.m.i.launch.MavenLaunchDelegate - Run build in "C:\Users\taher\Downloads\ELECTRONICA-AI-PROJECT1\Ai-Application\Ai-application":
2025-10-11 20:16:40,481 [Worker-38: Launching Ai-application (1)] INFO  o.e.m.i.launch.MavenLaunchDelegate -  mvn  -B -Dstyle.color=always clean install
2025-10-11 20:19:47,480 [Worker-18: Building] INFO  o.a.m.s.f.DefaultMavenResourcesFiltering - Copying 1 resource from src\main\resources to target\classes
2025-10-11 20:19:47,497 [Worker-18: Building] INFO  o.a.m.s.f.DefaultMavenResourcesFiltering - Copying 0 resource from src\main\resources to target\classes
2025-10-11 20:19:47,500 [Worker-18: Building] INFO  o.a.m.s.f.DefaultMavenResourcesFiltering - skip non existing resourceDirectory C:\Users\taher\Downloads\ELECTRONICA-AI-PROJECT1\Ai-Application\Ai-application\src\test\resources
2025-10-11 20:20:11,548 [Worker-38: Building] INFO  o.a.m.s.f.DefaultMavenResourcesFiltering - Copying 1 resource from src\main\resources to target\classes
2025-10-11 20:20:11,562 [Worker-38: Building] INFO  o.a.m.s.f.DefaultMavenResourcesFiltering - Copying 0 resource from src\main\resources to target\classes
2025-10-11 20:20:11,565 [Worker-38: Building] INFO  o.a.m.s.f.DefaultMavenResourcesFiltering - skip non existing resourceDirectory C:\Users\taher\Downloads\ELECTRONICA-AI-PROJECT1\Ai-Application\Ai-application\src\test\resources
2025-10-11 20:23:13,806 [Worker-39: Building] INFO  o.a.m.s.f.DefaultMavenResourcesFiltering - Copying 1 resource from src\main\resources to target\classes
2025-10-11 20:23:13,817 [Worker-39: Building] INFO  o.a.m.s.f.DefaultMavenResourcesFiltering - Copying 0 resource from src\main\resources to target\classes
2025-10-11 20:23:13,820 [Worker-39: Building] INFO  o.a.m.s.f.DefaultMavenResourcesFiltering - skip non existing resourceDirectory C:\Users\taher\Downloads\ELECTRONICA-AI-PROJECT1\Ai-Application\Ai-application\src\test\resources
2025-10-11 20:23:32,150 [Worker-18: Building] INFO  o.a.m.s.f.DefaultMavenResourcesFiltering - Copying 1 resource from src\main\resources to target\classes
2025-10-11 20:23:32,158 [Worker-18: Building] INFO  o.a.m.s.f.DefaultMavenResourcesFiltering - Copying 0 resource from src\main\resources to target\classes
2025-10-11 20:23:32,160 [Worker-18: Building] INFO  o.a.m.s.f.DefaultMavenResourcesFiltering - skip non existing resourceDirectory C:\Users\taher\Downloads\ELECTRONICA-AI-PROJECT1\Ai-Application\Ai-application\src\test\resources
2025-10-11 20:24:03,697 [Worker-18: Building] INFO  o.a.m.s.f.DefaultMavenResourcesFiltering - Copying 1 resource from src\main\resources to target\classes
2025-10-11 20:24:03,704 [Worker-18: Building] INFO  o.a.m.s.f.DefaultMavenResourcesFiltering - Copying 0 resource from src\main\resources to target\classes
2025-10-11 20:24:03,706 [Worker-18: Building] INFO  o.a.m.s.f.DefaultMavenResourcesFiltering - skip non existing resourceDirectory C:\Users\taher\Downloads\ELECTRONICA-AI-PROJECT1\Ai-Application\Ai-application\src\test\resources
2025-10-11 20:24:24,313 [Worker-5: Loading available Gradle versions] INFO  o.e.b.c.i.u.g.PublishedGradleVersions - Gradle version information cache is up-to-date. Trying to read.
2025-10-11 20:25:29,150 [Worker-30: Building] INFO  o.a.m.s.f.DefaultMavenResourcesFiltering - Copying 1 resource from src\main\resources to target\classes
2025-10-11 20:25:29,174 [Worker-30: Building] INFO  o.a.m.s.f.DefaultMavenResourcesFiltering - Copying 0 resource from src\main\resources to target\classes
2025-10-11 20:25:29,178 [Worker-30: Building] INFO  o.a.m.s.f.DefaultMavenResourcesFiltering - skip non existing resourceDirectory C:\Users\taher\Downloads\ELECTRONICA-AI-PROJECT1\Ai-Application\Ai-application\src\test\resources
2025-10-11 20:25:51,400 [main] INFO  o.e.m2e.actions.ExecutePomAction - Creating new launch configuration
2025-10-11 20:25:56,578 [Worker-16: Launching Ai-application (2)] INFO  o.eclipse.m2e.core.internal.Bundles - getClasspathEntries(Bundle=org.eclipse.m2e.maven.runtime_3.9.900.20240824-1409 [300])
2025-10-11 20:25:56,580 [Worker-16: Launching Ai-application (2)] INFO  o.eclipse.m2e.core.internal.Bundles - 	Entry: C:\Users\taher\.p2\pool\plugins\org.eclipse.m2e.maven.runtime_3.9.900.20240824-1409
2025-10-11 20:25:56,580 [Worker-16: Launching Ai-application (2)] INFO  o.eclipse.m2e.core.internal.Bundles - 	Entry: C:\Users\taher\.p2\pool\plugins\org.eclipse.m2e.maven.runtime_3.9.900.20240824-1409\jars\aopalliance-1.0.jar
2025-10-11 20:25:56,580 [Worker-16: Launching Ai-application (2)] INFO  o.eclipse.m2e.core.internal.Bundles - 	Entry: C:\Users\taher\.p2\pool\plugins\org.eclipse.m2e.maven.runtime_3.9.900.20240824-1409\jars\guice-5.1.0.jar
2025-10-11 20:25:56,580 [Worker-16: Launching Ai-application (2)] INFO  o.eclipse.m2e.core.internal.Bundles - 	Entry: C:\Users\taher\.p2\pool\plugins\org.eclipse.m2e.maven.runtime_3.9.900.20240824-1409\jars\httpclient-4.5.14.jar
2025-10-11 20:25:56,580 [Worker-16: Launching Ai-application (2)] INFO  o.eclipse.m2e.core.internal.Bundles - 	Entry: C:\Users\taher\.p2\pool\plugins\org.eclipse.m2e.maven.runtime_3.9.900.20240824-1409\jars\httpcore-4.4.16.jar
2025-10-11 20:25:56,581 [Worker-16: Launching Ai-application (2)] INFO  o.eclipse.m2e.core.internal.Bundles - 	Entry: C:\Users\taher\.p2\pool\plugins\org.eclipse.m2e.maven.runtime_3.9.900.20240824-1409\jars\jansi-2.4.1.jar
2025-10-11 20:25:56,581 [Worker-16: Launching Ai-application (2)] INFO  o.eclipse.m2e.core.internal.Bundles - 	Entry: C:\Users\taher\.p2\pool\plugins\org.eclipse.m2e.maven.runtime_3.9.900.20240824-1409\jars\jcl-over-slf4j-1.7.36.jar
2025-10-11 20:25:56,581 [Worker-16: Launching Ai-application (2)] INFO  o.eclipse.m2e.core.internal.Bundles - 	Entry: C:\Users\taher\.p2\pool\plugins\org.eclipse.m2e.maven.runtime_3.9.900.20240824-1409\jars\maven-artifact-3.9.9.jar
2025-10-11 20:25:56,581 [Worker-16: Launching Ai-application (2)] INFO  o.eclipse.m2e.core.internal.Bundles - 	Entry: C:\Users\taher\.p2\pool\plugins\org.eclipse.m2e.maven.runtime_3.9.900.20240824-1409\jars\maven-builder-support-3.9.9.jar
2025-10-11 20:25:56,582 [Worker-16: Launching Ai-application (2)] INFO  o.eclipse.m2e.core.internal.Bundles - 	Entry: C:\Users\taher\.p2\pool\plugins\org.eclipse.m2e.maven.runtime_3.9.900.20240824-1409\jars\maven-compat-3.9.9.jar
2025-10-11 20:25:56,582 [Worker-16: Launching Ai-application (2)] INFO  o.eclipse.m2e.core.internal.Bundles - 	Entry: C:\Users\taher\.p2\pool\plugins\org.eclipse.m2e.maven.runtime_3.9.900.20240824-1409\jars\maven-core-3.9.9.jar
2025-10-11 20:25:56,582 [Worker-16: Launching Ai-application (2)] INFO  o.eclipse.m2e.core.internal.Bundles - 	Entry: C:\Users\taher\.p2\pool\plugins\org.eclipse.m2e.maven.runtime_3.9.900.20240824-1409\jars\maven-embedder-3.9.9.jar
2025-10-11 20:25:56,582 [Worker-16: Launching Ai-application (2)] INFO  o.eclipse.m2e.core.internal.Bundles - 	Entry: C:\Users\taher\.p2\pool\plugins\org.eclipse.m2e.maven.runtime_3.9.900.20240824-1409\jars\maven-model-3.9.9.jar
2025-10-11 20:25:56,582 [Worker-16: Launching Ai-application (2)] INFO  o.eclipse.m2e.core.internal.Bundles - 	Entry: C:\Users\taher\.p2\pool\plugins\org.eclipse.m2e.maven.runtime_3.9.900.20240824-1409\jars\maven-model-builder-3.9.9.jar
2025-10-11 20:25:56,582 [Worker-16: Launching Ai-application (2)] INFO  o.eclipse.m2e.core.internal.Bundles - 	Entry: C:\Users\taher\.p2\pool\plugins\org.eclipse.m2e.maven.runtime_3.9.900.20240824-1409\jars\maven-plugin-api-3.9.9.jar
2025-10-11 20:25:56,582 [Worker-16: Launching Ai-application (2)] INFO  o.eclipse.m2e.core.internal.Bundles - 	Entry: C:\Users\taher\.p2\pool\plugins\org.eclipse.m2e.maven.runtime_3.9.900.20240824-1409\jars\maven-repository-metadata-3.9.9.jar
2025-10-11 20:25:56,582 [Worker-16: Launching Ai-application (2)] INFO  o.eclipse.m2e.core.internal.Bundles - 	Entry: C:\Users\taher\.p2\pool\plugins\org.eclipse.m2e.maven.runtime_3.9.900.20240824-1409\jars\maven-resolver-api-1.9.22.jar
2025-10-11 20:25:56,582 [Worker-16: Launching Ai-application (2)] INFO  o.eclipse.m2e.core.internal.Bundles - 	Entry: C:\Users\taher\.p2\pool\plugins\org.eclipse.m2e.maven.runtime_3.9.900.20240824-1409\jars\maven-resolver-connector-basic-1.9.22.jar
2025-10-11 20:25:56,582 [Worker-16: Launching Ai-application (2)] INFO  o.eclipse.m2e.core.internal.Bundles - 	Entry: C:\Users\taher\.p2\pool\plugins\org.eclipse.m2e.maven.runtime_3.9.900.20240824-1409\jars\maven-resolver-impl-1.9.22.jar
2025-10-11 20:25:56,582 [Worker-16: Launching Ai-application (2)] INFO  o.eclipse.m2e.core.internal.Bundles - 	Entry: C:\Users\taher\.p2\pool\plugins\org.eclipse.m2e.maven.runtime_3.9.900.20240824-1409\jars\maven-resolver-named-locks-1.9.22.jar
2025-10-11 20:25:56,582 [Worker-16: Launching Ai-application (2)] INFO  o.eclipse.m2e.core.internal.Bundles - 	Entry: C:\Users\taher\.p2\pool\plugins\org.eclipse.m2e.maven.runtime_3.9.900.20240824-1409\jars\maven-resolver-provider-3.9.9.jar
2025-10-11 20:25:56,582 [Worker-16: Launching Ai-application (2)] INFO  o.eclipse.m2e.core.internal.Bundles - 	Entry: C:\Users\taher\.p2\pool\plugins\org.eclipse.m2e.maven.runtime_3.9.900.20240824-1409\jars\maven-resolver-spi-1.9.22.jar
2025-10-11 20:25:56,582 [Worker-16: Launching Ai-application (2)] INFO  o.eclipse.m2e.core.internal.Bundles - 	Entry: C:\Users\taher\.p2\pool\plugins\org.eclipse.m2e.maven.runtime_3.9.900.20240824-1409\jars\maven-resolver-transport-file-1.9.22.jar
2025-10-11 20:25:56,582 [Worker-16: Launching Ai-application (2)] INFO  o.eclipse.m2e.core.internal.Bundles - 	Entry: C:\Users\taher\.p2\pool\plugins\org.eclipse.m2e.maven.runtime_3.9.900.20240824-1409\jars\maven-resolver-transport-http-1.9.22.jar
2025-10-11 20:25:56,582 [Worker-16: Launching Ai-application (2)] INFO  o.eclipse.m2e.core.internal.Bundles - 	Entry: C:\Users\taher\.p2\pool\plugins\org.eclipse.m2e.maven.runtime_3.9.900.20240824-1409\jars\maven-resolver-transport-wagon-1.9.22.jar
2025-10-11 20:25:56,583 [Worker-16: Launching Ai-application (2)] INFO  o.eclipse.m2e.core.internal.Bundles - 	Entry: C:\Users\taher\.p2\pool\plugins\org.eclipse.m2e.maven.runtime_3.9.900.20240824-1409\jars\maven-resolver-util-1.9.22.jar
2025-10-11 20:25:56,583 [Worker-16: Launching Ai-application (2)] INFO  o.eclipse.m2e.core.internal.Bundles - 	Entry: C:\Users\taher\.p2\pool\plugins\org.eclipse.m2e.maven.runtime_3.9.900.20240824-1409\jars\maven-settings-3.9.9.jar
2025-10-11 20:25:56,583 [Worker-16: Launching Ai-application (2)] INFO  o.eclipse.m2e.core.internal.Bundles - 	Entry: C:\Users\taher\.p2\pool\plugins\org.eclipse.m2e.maven.runtime_3.9.900.20240824-1409\jars\maven-settings-builder-3.9.9.jar
2025-10-11 20:25:56,583 [Worker-16: Launching Ai-application (2)] INFO  o.eclipse.m2e.core.internal.Bundles - 	Entry: C:\Users\taher\.p2\pool\plugins\org.eclipse.m2e.maven.runtime_3.9.900.20240824-1409\jars\maven-shared-utils-3.4.2.jar
2025-10-11 20:25:56,583 [Worker-16: Launching Ai-application (2)] INFO  o.eclipse.m2e.core.internal.Bundles - 	Entry: C:\Users\taher\.p2\pool\plugins\org.eclipse.m2e.maven.runtime_3.9.900.20240824-1409\jars\org.eclipse.sisu.inject-0.9.0.M3.jar
2025-10-11 20:25:56,583 [Worker-16: Launching Ai-application (2)] INFO  o.eclipse.m2e.core.internal.Bundles - 	Entry: C:\Users\taher\.p2\pool\plugins\org.eclipse.m2e.maven.runtime_3.9.900.20240824-1409\jars\org.eclipse.sisu.plexus-0.9.0.M3.jar
2025-10-11 20:25:56,583 [Worker-16: Launching Ai-application (2)] INFO  o.eclipse.m2e.core.internal.Bundles - 	Entry: C:\Users\taher\.p2\pool\plugins\org.eclipse.m2e.maven.runtime_3.9.900.20240824-1409\jars\plexus-build-api-0.0.7.jar
2025-10-11 20:25:56,583 [Worker-16: Launching Ai-application (2)] INFO  o.eclipse.m2e.core.internal.Bundles - 	Entry: C:\Users\taher\.p2\pool\plugins\org.eclipse.m2e.maven.runtime_3.9.900.20240824-1409\jars\plexus-build-api-1.2.0.jar
2025-10-11 20:25:56,583 [Worker-16: Launching Ai-application (2)] INFO  o.eclipse.m2e.core.internal.Bundles - 	Entry: C:\Users\taher\.p2\pool\plugins\org.eclipse.m2e.maven.runtime_3.9.900.20240824-1409\jars\plexus-cipher-2.0.jar
2025-10-11 20:25:56,583 [Worker-16: Launching Ai-application (2)] INFO  o.eclipse.m2e.core.internal.Bundles - 	Entry: C:\Users\taher\.p2\pool\plugins\org.eclipse.m2e.maven.runtime_3.9.900.20240824-1409\jars\plexus-classworlds-2.8.0.jar
2025-10-11 20:25:56,583 [Worker-16: Launching Ai-application (2)] INFO  o.eclipse.m2e.core.internal.Bundles - 	Entry: C:\Users\taher\.p2\pool\plugins\org.eclipse.m2e.maven.runtime_3.9.900.20240824-1409\jars\plexus-component-annotations-2.1.0.jar
2025-10-11 20:25:56,583 [Worker-16: Launching Ai-application (2)] INFO  o.eclipse.m2e.core.internal.Bundles - 	Entry: C:\Users\taher\.p2\pool\plugins\org.eclipse.m2e.maven.runtime_3.9.900.20240824-1409\jars\plexus-interpolation-1.27.jar
2025-10-11 20:25:56,583 [Worker-16: Launching Ai-application (2)] INFO  o.eclipse.m2e.core.internal.Bundles - 	Entry: C:\Users\taher\.p2\pool\plugins\org.eclipse.m2e.maven.runtime_3.9.900.20240824-1409\jars\plexus-sec-dispatcher-2.0.jar
2025-10-11 20:25:56,583 [Worker-16: Launching Ai-application (2)] INFO  o.eclipse.m2e.core.internal.Bundles - 	Entry: C:\Users\taher\.p2\pool\plugins\org.eclipse.m2e.maven.runtime_3.9.900.20240824-1409\jars\plexus-utils-3.5.1.jar
2025-10-11 20:25:56,583 [Worker-16: Launching Ai-application (2)] INFO  o.eclipse.m2e.core.internal.Bundles - 	Entry: C:\Users\taher\.p2\pool\plugins\org.eclipse.m2e.maven.runtime_3.9.900.20240824-1409\jars\plexus-xml-3.0.1.jar
2025-10-11 20:25:56,584 [Worker-16: Launching Ai-application (2)] INFO  o.eclipse.m2e.core.internal.Bundles - 	Entry: C:\Users\taher\.p2\pool\plugins\org.eclipse.m2e.maven.runtime_3.9.900.20240824-1409\jars\wagon-file-3.5.3.jar
2025-10-11 20:25:56,584 [Worker-16: Launching Ai-application (2)] INFO  o.eclipse.m2e.core.internal.Bundles - 	Entry: C:\Users\taher\.p2\pool\plugins\org.eclipse.m2e.maven.runtime_3.9.900.20240824-1409\jars\wagon-http-3.5.3.jar
2025-10-11 20:25:56,584 [Worker-16: Launching Ai-application (2)] INFO  o.eclipse.m2e.core.internal.Bundles - 	Entry: C:\Users\taher\.p2\pool\plugins\org.eclipse.m2e.maven.runtime_3.9.900.20240824-1409\jars\wagon-http-shared-3.5.3.jar
2025-10-11 20:25:56,584 [Worker-16: Launching Ai-application (2)] INFO  o.eclipse.m2e.core.internal.Bundles - 	Entry: C:\Users\taher\.p2\pool\plugins\org.eclipse.m2e.maven.runtime_3.9.900.20240824-1409\jars\wagon-provider-api-3.5.3.jar
2025-10-11 20:25:56,584 [Worker-16: Launching Ai-application (2)] INFO  o.eclipse.m2e.core.internal.Bundles - getClasspathEntries(Bundle=com.google.guava_33.3.1.jre [10])
2025-10-11 20:25:56,586 [Worker-16: Launching Ai-application (2)] INFO  o.eclipse.m2e.core.internal.Bundles - 	Entry: C:\Users\taher\.p2\pool\plugins\com.google.guava_33.3.1.jre.jar
2025-10-11 20:25:56,586 [Worker-16: Launching Ai-application (2)] INFO  o.eclipse.m2e.core.internal.Bundles - getClasspathEntries(Bundle=slf4j.api_2.0.16 [524])
2025-10-11 20:25:56,586 [Worker-16: Launching Ai-application (2)] INFO  o.eclipse.m2e.core.internal.Bundles - 	Entry: C:\Users\taher\.p2\pool\plugins\slf4j.api_2.0.16.jar
2025-10-11 20:25:56,586 [Worker-16: Launching Ai-application (2)] INFO  o.eclipse.m2e.core.internal.Bundles - getClasspathEntries(Bundle=jakarta.inject.jakarta.inject-api_1.0.5 [22])
2025-10-11 20:25:56,587 [Worker-16: Launching Ai-application (2)] INFO  o.eclipse.m2e.core.internal.Bundles - 	Entry: C:\Users\taher\.p2\pool\plugins\jakarta.inject.jakarta.inject-api_1.0.5.jar
2025-10-11 20:25:56,587 [Worker-16: Launching Ai-application (2)] INFO  o.eclipse.m2e.core.internal.Bundles - getClasspathEntries(Bundle=jakarta.annotation-api_1.3.5 [20])
2025-10-11 20:25:56,587 [Worker-16: Launching Ai-application (2)] INFO  o.eclipse.m2e.core.internal.Bundles - 	Entry: C:\Users\taher\.p2\pool\plugins\jakarta.annotation-api_1.3.5.jar
2025-10-11 20:25:56,587 [Worker-16: Launching Ai-application (2)] INFO  o.eclipse.m2e.core.internal.Bundles - getClasspathEntries(Bundle=org.apache.commons.cli_1.9.0 [47])
2025-10-11 20:25:56,587 [Worker-16: Launching Ai-application (2)] INFO  o.eclipse.m2e.core.internal.Bundles - 	Entry: C:\Users\taher\.p2\pool\plugins\org.apache.commons.cli_1.9.0.jar
2025-10-11 20:25:56,587 [Worker-16: Launching Ai-application (2)] INFO  o.eclipse.m2e.core.internal.Bundles - getClasspathEntries(Bundle=org.apache.commons.commons-codec_1.16.0 [50])
2025-10-11 20:25:56,587 [Worker-16: Launching Ai-application (2)] INFO  o.eclipse.m2e.core.internal.Bundles - 	Entry: C:\Users\taher\.p2\pool\plugins\org.apache.commons.commons-codec_1.16.0.jar
2025-10-11 20:25:56,587 [Worker-16: Launching Ai-application (2)] INFO  o.eclipse.m2e.core.internal.Bundles - getClasspathEntries(Bundle=com.google.guava.failureaccess_1.0.2 [11])
2025-10-11 20:25:56,587 [Worker-16: Launching Ai-application (2)] INFO  o.eclipse.m2e.core.internal.Bundles - 	Entry: C:\Users\taher\.p2\pool\plugins\com.google.guava.failureaccess_1.0.2.jar
2025-10-11 20:25:56,589 [Worker-16: Launching Ai-application (2)] INFO  o.e.m.i.launch.MavenLaunchDelegate - Run build in "C:\Users\taher\Downloads\ELECTRONICA-AI-PROJECT1\Ai-Application\Ai-application":
2025-10-11 20:25:56,591 [Worker-16: Launching Ai-application (2)] INFO  o.e.m.i.launch.MavenLaunchDelegate -  mvn  -B -Dstyle.color=always clean install
2025-10-11 20:27:30,101 [Worker-33: Building] INFO  o.a.m.s.f.DefaultMavenResourcesFiltering - Copying 1 resource from src\main\resources to target\classes
2025-10-11 20:27:30,111 [Worker-33: Building] INFO  o.a.m.s.f.DefaultMavenResourcesFiltering - Copying 0 resource from src\main\resources to target\classes
2025-10-11 20:27:30,113 [Worker-33: Building] INFO  o.a.m.s.f.DefaultMavenResourcesFiltering - skip non existing resourceDirectory C:\Users\taher\Downloads\ELECTRONICA-AI-PROJECT1\Ai-Application\Ai-application\src\test\resources
2025-10-11 21:32:14,896 [Worker-34: Building] INFO  o.a.m.s.f.DefaultMavenResourcesFiltering - Copying 1 resource from src\main\resources to target\classes
2025-10-11 21:32:15,048 [Worker-34: Building] INFO  o.a.m.s.f.DefaultMavenResourcesFiltering - Copying 0 resource from src\main\resources to target\classes
2025-10-11 21:32:15,055 [Worker-34: Building] INFO  o.a.m.s.f.DefaultMavenResourcesFiltering - skip non existing resourceDirectory C:\Users\taher\Downloads\ELECTRONICA-AI-PROJECT1\Ai-Application\Ai-application\src\test\resources
2025-10-11 21:53:16,423 [Worker-37: Building] INFO  o.a.m.s.f.DefaultMavenResourcesFiltering - Copying 1 resource from src\main\resources to target\classes
2025-10-11 21:53:16,458 [Worker-37: Building] INFO  o.a.m.s.f.DefaultMavenResourcesFiltering - Copying 0 resource from src\main\resources to target\classes
2025-10-11 21:53:16,463 [Worker-37: Building] INFO  o.a.m.s.f.DefaultMavenResourcesFiltering - skip non existing resourceDirectory C:\Users\taher\Downloads\ELECTRONICA-AI-PROJECT1\Ai-Application\Ai-application\src\test\resources
2025-10-11 21:53:21,982 [main] INFO  o.e.m2e.actions.ExecutePomAction - Creating new launch configuration
2025-10-11 21:53:28,806 [Worker-35: Launching Ai-application (3)] INFO  o.eclipse.m2e.core.internal.Bundles - getClasspathEntries(Bundle=org.eclipse.m2e.maven.runtime_3.9.900.20240824-1409 [300])
2025-10-11 21:53:28,813 [Worker-35: Launching Ai-application (3)] INFO  o.eclipse.m2e.core.internal.Bundles - 	Entry: C:\Users\taher\.p2\pool\plugins\org.eclipse.m2e.maven.runtime_3.9.900.20240824-1409
2025-10-11 21:53:28,815 [Worker-35: Launching Ai-application (3)] INFO  o.eclipse.m2e.core.internal.Bundles - 	Entry: C:\Users\taher\.p2\pool\plugins\org.eclipse.m2e.maven.runtime_3.9.900.20240824-1409\jars\aopalliance-1.0.jar
2025-10-11 21:53:28,816 [Worker-35: Launching Ai-application (3)] INFO  o.eclipse.m2e.core.internal.Bundles - 	Entry: C:\Users\taher\.p2\pool\plugins\org.eclipse.m2e.maven.runtime_3.9.900.20240824-1409\jars\guice-5.1.0.jar
2025-10-11 21:53:28,816 [Worker-35: Launching Ai-application (3)] INFO  o.eclipse.m2e.core.internal.Bundles - 	Entry: C:\Users\taher\.p2\pool\plugins\org.eclipse.m2e.maven.runtime_3.9.900.20240824-1409\jars\httpclient-4.5.14.jar
2025-10-11 21:53:28,817 [Worker-35: Launching Ai-application (3)] INFO  o.eclipse.m2e.core.internal.Bundles - 	Entry: C:\Users\taher\.p2\pool\plugins\org.eclipse.m2e.maven.runtime_3.9.900.20240824-1409\jars\httpcore-4.4.16.jar
2025-10-11 21:53:28,818 [Worker-35: Launching Ai-application (3)] INFO  o.eclipse.m2e.core.internal.Bundles - 	Entry: C:\Users\taher\.p2\pool\plugins\org.eclipse.m2e.maven.runtime_3.9.900.20240824-1409\jars\jansi-2.4.1.jar
2025-10-11 21:53:28,818 [Worker-35: Launching Ai-application (3)] INFO  o.eclipse.m2e.core.internal.Bundles - 	Entry: C:\Users\taher\.p2\pool\plugins\org.eclipse.m2e.maven.runtime_3.9.900.20240824-1409\jars\jcl-over-slf4j-1.7.36.jar
2025-10-11 21:53:28,818 [Worker-35: Launching Ai-application (3)] INFO  o.eclipse.m2e.core.internal.Bundles - 	Entry: C:\Users\taher\.p2\pool\plugins\org.eclipse.m2e.maven.runtime_3.9.900.20240824-1409\jars\maven-artifact-3.9.9.jar
2025-10-11 21:53:28,819 [Worker-35: Launching Ai-application (3)] INFO  o.eclipse.m2e.core.internal.Bundles - 	Entry: C:\Users\taher\.p2\pool\plugins\org.eclipse.m2e.maven.runtime_3.9.900.20240824-1409\jars\maven-builder-support-3.9.9.jar
2025-10-11 21:53:28,819 [Worker-35: Launching Ai-application (3)] INFO  o.eclipse.m2e.core.internal.Bundles - 	Entry: C:\Users\taher\.p2\pool\plugins\org.eclipse.m2e.maven.runtime_3.9.900.20240824-1409\jars\maven-compat-3.9.9.jar
2025-10-11 21:53:28,820 [Worker-35: Launching Ai-application (3)] INFO  o.eclipse.m2e.core.internal.Bundles - 	Entry: C:\Users\taher\.p2\pool\plugins\org.eclipse.m2e.maven.runtime_3.9.900.20240824-1409\jars\maven-core-3.9.9.jar
2025-10-11 21:53:28,821 [Worker-35: Launching Ai-application (3)] INFO  o.eclipse.m2e.core.internal.Bundles - 	Entry: C:\Users\taher\.p2\pool\plugins\org.eclipse.m2e.maven.runtime_3.9.900.20240824-1409\jars\maven-embedder-3.9.9.jar
2025-10-11 21:53:28,821 [Worker-35: Launching Ai-application (3)] INFO  o.eclipse.m2e.core.internal.Bundles - 	Entry: C:\Users\taher\.p2\pool\plugins\org.eclipse.m2e.maven.runtime_3.9.900.20240824-1409\jars\maven-model-3.9.9.jar
2025-10-11 21:53:28,821 [Worker-35: Launching Ai-application (3)] INFO  o.eclipse.m2e.core.internal.Bundles - 	Entry: C:\Users\taher\.p2\pool\plugins\org.eclipse.m2e.maven.runtime_3.9.900.20240824-1409\jars\maven-model-builder-3.9.9.jar
2025-10-11 21:53:28,822 [Worker-35: Launching Ai-application (3)] INFO  o.eclipse.m2e.core.internal.Bundles - 	Entry: C:\Users\taher\.p2\pool\plugins\org.eclipse.m2e.maven.runtime_3.9.900.20240824-1409\jars\maven-plugin-api-3.9.9.jar
2025-10-11 21:53:28,822 [Worker-35: Launching Ai-application (3)] INFO  o.eclipse.m2e.core.internal.Bundles - 	Entry: C:\Users\taher\.p2\pool\plugins\org.eclipse.m2e.maven.runtime_3.9.900.20240824-1409\jars\maven-repository-metadata-3.9.9.jar
2025-10-11 21:53:28,822 [Worker-35: Launching Ai-application (3)] INFO  o.eclipse.m2e.core.internal.Bundles - 	Entry: C:\Users\taher\.p2\pool\plugins\org.eclipse.m2e.maven.runtime_3.9.900.20240824-1409\jars\maven-resolver-api-1.9.22.jar
2025-10-11 21:53:28,822 [Worker-35: Launching Ai-application (3)] INFO  o.eclipse.m2e.core.internal.Bundles - 	Entry: C:\Users\taher\.p2\pool\plugins\org.eclipse.m2e.maven.runtime_3.9.900.20240824-1409\jars\maven-resolver-connector-basic-1.9.22.jar
2025-10-11 21:53:28,822 [Worker-35: Launching Ai-application (3)] INFO  o.eclipse.m2e.core.internal.Bundles - 	Entry: C:\Users\taher\.p2\pool\plugins\org.eclipse.m2e.maven.runtime_3.9.900.20240824-1409\jars\maven-resolver-impl-1.9.22.jar
2025-10-11 21:53:28,823 [Worker-35: Launching Ai-application (3)] INFO  o.eclipse.m2e.core.internal.Bundles - 	Entry: C:\Users\taher\.p2\pool\plugins\org.eclipse.m2e.maven.runtime_3.9.900.20240824-1409\jars\maven-resolver-named-locks-1.9.22.jar
2025-10-11 21:53:28,824 [Worker-35: Launching Ai-application (3)] INFO  o.eclipse.m2e.core.internal.Bundles - 	Entry: C:\Users\taher\.p2\pool\plugins\org.eclipse.m2e.maven.runtime_3.9.900.20240824-1409\jars\maven-resolver-provider-3.9.9.jar
2025-10-11 21:53:28,824 [Worker-35: Launching Ai-application (3)] INFO  o.eclipse.m2e.core.internal.Bundles - 	Entry: C:\Users\taher\.p2\pool\plugins\org.eclipse.m2e.maven.runtime_3.9.900.20240824-1409\jars\maven-resolver-spi-1.9.22.jar
2025-10-11 21:53:28,825 [Worker-35: Launching Ai-application (3)] INFO  o.eclipse.m2e.core.internal.Bundles - 	Entry: C:\Users\taher\.p2\pool\plugins\org.eclipse.m2e.maven.runtime_3.9.900.20240824-1409\jars\maven-resolver-transport-file-1.9.22.jar
2025-10-11 21:53:28,825 [Worker-35: Launching Ai-application (3)] INFO  o.eclipse.m2e.core.internal.Bundles - 	Entry: C:\Users\taher\.p2\pool\plugins\org.eclipse.m2e.maven.runtime_3.9.900.20240824-1409\jars\maven-resolver-transport-http-1.9.22.jar
2025-10-11 21:53:28,826 [Worker-35: Launching Ai-application (3)] INFO  o.eclipse.m2e.core.internal.Bundles - 	Entry: C:\Users\taher\.p2\pool\plugins\org.eclipse.m2e.maven.runtime_3.9.900.20240824-1409\jars\maven-resolver-transport-wagon-1.9.22.jar
2025-10-11 21:53:28,826 [Worker-35: Launching Ai-application (3)] INFO  o.eclipse.m2e.core.internal.Bundles - 	Entry: C:\Users\taher\.p2\pool\plugins\org.eclipse.m2e.maven.runtime_3.9.900.20240824-1409\jars\maven-resolver-util-1.9.22.jar
2025-10-11 21:53:28,827 [Worker-35: Launching Ai-application (3)] INFO  o.eclipse.m2e.core.internal.Bundles - 	Entry: C:\Users\taher\.p2\pool\plugins\org.eclipse.m2e.maven.runtime_3.9.900.20240824-1409\jars\maven-settings-3.9.9.jar
2025-10-11 21:53:28,828 [Worker-35: Launching Ai-application (3)] INFO  o.eclipse.m2e.core.internal.Bundles - 	Entry: C:\Users\taher\.p2\pool\plugins\org.eclipse.m2e.maven.runtime_3.9.900.20240824-1409\jars\maven-settings-builder-3.9.9.jar
2025-10-11 21:53:28,829 [Worker-35: Launching Ai-application (3)] INFO  o.eclipse.m2e.core.internal.Bundles - 	Entry: C:\Users\taher\.p2\pool\plugins\org.eclipse.m2e.maven.runtime_3.9.900.20240824-1409\jars\maven-shared-utils-3.4.2.jar
2025-10-11 21:53:28,829 [Worker-35: Launching Ai-application (3)] INFO  o.eclipse.m2e.core.internal.Bundles - 	Entry: C:\Users\taher\.p2\pool\plugins\org.eclipse.m2e.maven.runtime_3.9.900.20240824-1409\jars\org.eclipse.sisu.inject-0.9.0.M3.jar
2025-10-11 21:53:28,830 [Worker-35: Launching Ai-application (3)] INFO  o.eclipse.m2e.core.internal.Bundles - 	Entry: C:\Users\taher\.p2\pool\plugins\org.eclipse.m2e.maven.runtime_3.9.900.20240824-1409\jars\org.eclipse.sisu.plexus-0.9.0.M3.jar
2025-10-11 21:53:28,830 [Worker-35: Launching Ai-application (3)] INFO  o.eclipse.m2e.core.internal.Bundles - 	Entry: C:\Users\taher\.p2\pool\plugins\org.eclipse.m2e.maven.runtime_3.9.900.20240824-1409\jars\plexus-build-api-0.0.7.jar
2025-10-11 21:53:28,830 [Worker-35: Launching Ai-application (3)] INFO  o.eclipse.m2e.core.internal.Bundles - 	Entry: C:\Users\taher\.p2\pool\plugins\org.eclipse.m2e.maven.runtime_3.9.900.20240824-1409\jars\plexus-build-api-1.2.0.jar
2025-10-11 21:53:28,831 [Worker-35: Launching Ai-application (3)] INFO  o.eclipse.m2e.core.internal.Bundles - 	Entry: C:\Users\taher\.p2\pool\plugins\org.eclipse.m2e.maven.runtime_3.9.900.20240824-1409\jars\plexus-cipher-2.0.jar
2025-10-11 21:53:28,831 [Worker-35: Launching Ai-application (3)] INFO  o.eclipse.m2e.core.internal.Bundles - 	Entry: C:\Users\taher\.p2\pool\plugins\org.eclipse.m2e.maven.runtime_3.9.900.20240824-1409\jars\plexus-classworlds-2.8.0.jar
2025-10-11 21:53:28,831 [Worker-35: Launching Ai-application (3)] INFO  o.eclipse.m2e.core.internal.Bundles - 	Entry: C:\Users\taher\.p2\pool\plugins\org.eclipse.m2e.maven.runtime_3.9.900.20240824-1409\jars\plexus-component-annotations-2.1.0.jar
2025-10-11 21:53:28,831 [Worker-35: Launching Ai-application (3)] INFO  o.eclipse.m2e.core.internal.Bundles - 	Entry: C:\Users\taher\.p2\pool\plugins\org.eclipse.m2e.maven.runtime_3.9.900.20240824-1409\jars\plexus-interpolation-1.27.jar
2025-10-11 21:53:28,832 [Worker-35: Launching Ai-application (3)] INFO  o.eclipse.m2e.core.internal.Bundles - 	Entry: C:\Users\taher\.p2\pool\plugins\org.eclipse.m2e.maven.runtime_3.9.900.20240824-1409\jars\plexus-sec-dispatcher-2.0.jar
2025-10-11 21:53:28,833 [Worker-35: Launching Ai-application (3)] INFO  o.eclipse.m2e.core.internal.Bundles - 	Entry: C:\Users\taher\.p2\pool\plugins\org.eclipse.m2e.maven.runtime_3.9.900.20240824-1409\jars\plexus-utils-3.5.1.jar
2025-10-11 21:53:28,834 [Worker-35: Launching Ai-application (3)] INFO  o.eclipse.m2e.core.internal.Bundles - 	Entry: C:\Users\taher\.p2\pool\plugins\org.eclipse.m2e.maven.runtime_3.9.900.20240824-1409\jars\plexus-xml-3.0.1.jar
2025-10-11 21:53:28,834 [Worker-35: Launching Ai-application (3)] INFO  o.eclipse.m2e.core.internal.Bundles - 	Entry: C:\Users\taher\.p2\pool\plugins\org.eclipse.m2e.maven.runtime_3.9.900.20240824-1409\jars\wagon-file-3.5.3.jar
2025-10-11 21:53:28,834 [Worker-35: Launching Ai-application (3)] INFO  o.eclipse.m2e.core.internal.Bundles - 	Entry: C:\Users\taher\.p2\pool\plugins\org.eclipse.m2e.maven.runtime_3.9.900.20240824-1409\jars\wagon-http-3.5.3.jar
2025-10-11 21:53:28,835 [Worker-35: Launching Ai-application (3)] INFO  o.eclipse.m2e.core.internal.Bundles - 	Entry: C:\Users\taher\.p2\pool\plugins\org.eclipse.m2e.maven.runtime_3.9.900.20240824-1409\jars\wagon-http-shared-3.5.3.jar
2025-10-11 21:53:28,836 [Worker-35: Launching Ai-application (3)] INFO  o.eclipse.m2e.core.internal.Bundles - 	Entry: C:\Users\taher\.p2\pool\plugins\org.eclipse.m2e.maven.runtime_3.9.900.20240824-1409\jars\wagon-provider-api-3.5.3.jar
2025-10-11 21:53:28,840 [Worker-35: Launching Ai-application (3)] INFO  o.eclipse.m2e.core.internal.Bundles - getClasspathEntries(Bundle=com.google.guava_33.3.1.jre [10])
2025-10-11 21:53:28,841 [Worker-35: Launching Ai-application (3)] INFO  o.eclipse.m2e.core.internal.Bundles - 	Entry: C:\Users\taher\.p2\pool\plugins\com.google.guava_33.3.1.jre.jar
2025-10-11 21:53:28,842 [Worker-35: Launching Ai-application (3)] INFO  o.eclipse.m2e.core.internal.Bundles - getClasspathEntries(Bundle=slf4j.api_2.0.16 [524])
2025-10-11 21:53:28,843 [Worker-35: Launching Ai-application (3)] INFO  o.eclipse.m2e.core.internal.Bundles - 	Entry: C:\Users\taher\.p2\pool\plugins\slf4j.api_2.0.16.jar
2025-10-11 21:53:28,843 [Worker-35: Launching Ai-application (3)] INFO  o.eclipse.m2e.core.internal.Bundles - getClasspathEntries(Bundle=jakarta.inject.jakarta.inject-api_1.0.5 [22])
2025-10-11 21:53:28,844 [Worker-35: Launching Ai-application (3)] INFO  o.eclipse.m2e.core.internal.Bundles - 	Entry: C:\Users\taher\.p2\pool\plugins\jakarta.inject.jakarta.inject-api_1.0.5.jar
2025-10-11 21:53:28,844 [Worker-35: Launching Ai-application (3)] INFO  o.eclipse.m2e.core.internal.Bundles - getClasspathEntries(Bundle=jakarta.annotation-api_1.3.5 [20])
2025-10-11 21:53:28,845 [Worker-35: Launching Ai-application (3)] INFO  o.eclipse.m2e.core.internal.Bundles - 	Entry: C:\Users\taher\.p2\pool\plugins\jakarta.annotation-api_1.3.5.jar
2025-10-11 21:53:28,845 [Worker-35: Launching Ai-application (3)] INFO  o.eclipse.m2e.core.internal.Bundles - getClasspathEntries(Bundle=org.apache.commons.cli_1.9.0 [47])
2025-10-11 21:53:28,848 [Worker-35: Launching Ai-application (3)] INFO  o.eclipse.m2e.core.internal.Bundles - 	Entry: C:\Users\taher\.p2\pool\plugins\org.apache.commons.cli_1.9.0.jar
2025-10-11 21:53:28,848 [Worker-35: Launching Ai-application (3)] INFO  o.eclipse.m2e.core.internal.Bundles - getClasspathEntries(Bundle=org.apache.commons.commons-codec_1.16.0 [50])
2025-10-11 21:53:28,850 [Worker-35: Launching Ai-application (3)] INFO  o.eclipse.m2e.core.internal.Bundles - 	Entry: C:\Users\taher\.p2\pool\plugins\org.apache.commons.commons-codec_1.16.0.jar
2025-10-11 21:53:28,850 [Worker-35: Launching Ai-application (3)] INFO  o.eclipse.m2e.core.internal.Bundles - getClasspathEntries(Bundle=com.google.guava.failureaccess_1.0.2 [11])
2025-10-11 21:53:28,851 [Worker-35: Launching Ai-application (3)] INFO  o.eclipse.m2e.core.internal.Bundles - 	Entry: C:\Users\taher\.p2\pool\plugins\com.google.guava.failureaccess_1.0.2.jar
2025-10-11 21:53:28,858 [Worker-35: Launching Ai-application (3)] INFO  o.e.m.i.launch.MavenLaunchDelegate - Run build in "C:\Users\taher\Downloads\ELECTRONICA-AI-PROJECT1\Ai-Application\Ai-application":
2025-10-11 21:53:28,859 [Worker-35: Launching Ai-application (3)] INFO  o.e.m.i.launch.MavenLaunchDelegate -  mvn  -B -Dstyle.color=always clean install
2025-10-12 12:13:08,649 [Worker-0: Loading available Gradle versions] INFO  o.e.b.c.i.u.g.PublishedGradleVersions - Gradle version information cache is up-to-date. Trying to read.
2025-10-12 12:23:00,315 [Worker-30: Building] INFO  o.a.m.s.f.DefaultMavenResourcesFiltering - Copying 1 resource from src\main\resources to target\classes
2025-10-12 12:23:00,362 [Worker-30: Building] INFO  o.a.m.s.f.DefaultMavenResourcesFiltering - Copying 0 resource from src\main\resources to target\classes
2025-10-12 12:23:00,366 [Worker-30: Building] INFO  o.a.m.s.f.DefaultMavenResourcesFiltering - skip non existing resourceDirectory C:\Users\taher\Downloads\ELECTRONICA-AI-PROJECT1\Ai-Application\Ai-application\src\test\resources
2025-10-12 13:23:19,813 [Worker-38: Building] INFO  o.a.m.s.f.DefaultMavenResourcesFiltering - Copying 1 resource from src\main\resources to target\classes
2025-10-12 13:23:19,950 [Worker-38: Building] INFO  o.a.m.s.f.DefaultMavenResourcesFiltering - Copying 0 resource from src\main\resources to target\classes
2025-10-12 13:23:19,954 [Worker-38: Building] INFO  o.a.m.s.f.DefaultMavenResourcesFiltering - skip non existing resourceDirectory C:\Users\taher\Downloads\ELECTRONICA-AI-PROJECT1\Ai-Application\Ai-application\src\test\resources
2025-10-12 14:08:53,411 [Worker-44: Building] INFO  o.a.m.s.f.DefaultMavenResourcesFiltering - Copying 1 resource from src\main\resources to target\classes
2025-10-12 14:08:53,558 [Worker-44: Building] INFO  o.a.m.s.f.DefaultMavenResourcesFiltering - Copying 0 resource from src\main\resources to target\classes
2025-10-12 14:08:53,564 [Worker-44: Building] INFO  o.a.m.s.f.DefaultMavenResourcesFiltering - skip non existing resourceDirectory C:\Users\taher\Downloads\ELECTRONICA-AI-PROJECT1\Ai-Application\Ai-application\src\test\resources
2025-10-12 15:44:35,126 [Worker-5: Loading available Gradle versions] INFO  o.e.b.c.i.u.g.PublishedGradleVersions - Gradle version information cache is up-to-date. Trying to read.
